2013-05-02 10:10:21 Debug: Notice (8): Undefined variable: categories in [E:\workspace\croogo150\app\Plugin\News\View\News\admin_form.ctp, line 67]
Trace:
include - APP\Plugin\News\View\News\admin_form.ctp, line 67
View::_evaluate() - CORE\Cake\View\View.php, line 945
View::_render() - CORE\Cake\View\View.php, line 907
View::render() - CORE\Cake\View\View.php, line 468
Controller::render() - CORE\Cake\Controller\Controller.php, line 955
AppController::render() - APP\Controller\AppController.php, line 281
AppController::securityError() - APP\Controller\AppController.php, line 242
SecurityComponent::_callback() - CORE\Cake\Controller\Component\SecurityComponent.php, line 598
SecurityComponent::blackHole() - CORE\Cake\Controller\Component\SecurityComponent.php, line 320
SecurityComponent::startup() - CORE\Cake\Controller\Component\SecurityComponent.php, line 230
ObjectCollection::trigger() - CORE\Cake\Utility\ObjectCollection.php, line 131
call_user_func - [internal], line ??
CakeEventManager::dispatch() - CORE\Cake\Event\CakeEventManager.php, line 247
Controller::startupProcess() - CORE\Cake\Controller\Controller.php, line 670
Dispatcher::_invoke() - CORE\Cake\Routing\Dispatcher.php, line 183
Dispatcher::dispatch() - CORE\Cake\Routing\Dispatcher.php, line 161
[main] - APP\webroot\index.php, line 96

2013-05-02 10:10:21 Debug: Notice (8): Undefined variable: categories in [E:\workspace\croogo150\app\Plugin\News\View\News\admin_form.ctp, line 67]
Trace:
include - APP\Plugin\News\View\News\admin_form.ctp, line 67
View::_evaluate() - CORE\Cake\View\View.php, line 945
View::_render() - CORE\Cake\View\View.php, line 907
View::render() - CORE\Cake\View\View.php, line 468
Controller::render() - CORE\Cake\Controller\Controller.php, line 955
AppController::render() - APP\Controller\AppController.php, line 281
AppController::securityError() - APP\Controller\AppController.php, line 242
SecurityComponent::_callback() - CORE\Cake\Controller\Component\SecurityComponent.php, line 598
SecurityComponent::blackHole() - CORE\Cake\Controller\Component\SecurityComponent.php, line 320
SecurityComponent::startup() - CORE\Cake\Controller\Component\SecurityComponent.php, line 230
ObjectCollection::trigger() - CORE\Cake\Utility\ObjectCollection.php, line 131
call_user_func - [internal], line ??
CakeEventManager::dispatch() - CORE\Cake\Event\CakeEventManager.php, line 247
Controller::startupProcess() - CORE\Cake\Controller\Controller.php, line 670
Dispatcher::_invoke() - CORE\Cake\Routing\Dispatcher.php, line 183
Dispatcher::dispatch() - CORE\Cake\Routing\Dispatcher.php, line 161
[main] - APP\webroot\index.php, line 96

2013-05-03 11:55:04 Debug: Notice (8): Undefined index: title in [E:\workspace\croogo150\app\View\Themed\locson\Elements\scroll_top.ctp, line 28]
Trace:
include - APP\View\Themed\locson\Elements\scroll_top.ctp, line 28
View::_evaluate() - CORE\Cake\View\View.php, line 945
View::_render() - CORE\Cake\View\View.php, line 907
View::_renderElement() - CORE\Cake\View\View.php, line 1207
View::element() - CORE\Cake\View\View.php, line 413
include - APP\View\Themed\locson\Layouts\default.ctp, line 59
View::_evaluate() - CORE\Cake\View\View.php, line 945
View::_render() - CORE\Cake\View\View.php, line 907
View::renderLayout() - CORE\Cake\View\View.php, line 532
View::render() - CORE\Cake\View\View.php, line 476
Controller::render() - CORE\Cake\Controller\Controller.php, line 955
AppController::render() - APP\Controller\AppController.php, line 280
Dispatcher::_invoke() - CORE\Cake\Routing\Dispatcher.php, line 193
Dispatcher::dispatch() - CORE\Cake\Routing\Dispatcher.php, line 161
[main] - APP\webroot\index.php, line 96

2013-05-03 11:55:04 Debug: Notice (8): Undefined index: title in [E:\workspace\croogo150\app\View\Themed\locson\Elements\scroll_top.ctp, line 28]
Trace:
include - APP\View\Themed\locson\Elements\scroll_top.ctp, line 28
View::_evaluate() - CORE\Cake\View\View.php, line 945
View::_render() - CORE\Cake\View\View.php, line 907
View::_renderElement() - CORE\Cake\View\View.php, line 1207
View::element() - CORE\Cake\View\View.php, line 413
include - APP\View\Themed\locson\Layouts\default.ctp, line 59
View::_evaluate() - CORE\Cake\View\View.php, line 945
View::_render() - CORE\Cake\View\View.php, line 907
View::renderLayout() - CORE\Cake\View\View.php, line 532
View::render() - CORE\Cake\View\View.php, line 476
Controller::render() - CORE\Cake\Controller\Controller.php, line 955
AppController::render() - APP\Controller\AppController.php, line 280
Dispatcher::_invoke() - CORE\Cake\Routing\Dispatcher.php, line 193
Dispatcher::dispatch() - CORE\Cake\Routing\Dispatcher.php, line 161
[main] - APP\webroot\index.php, line 96

2013-05-03 11:55:04 Debug: Notice (8): Undefined index: path in [E:\workspace\croogo150\app\View\Themed\locson\Elements\scroll_top.ctp, line 29]
Trace:
include - APP\View\Themed\locson\Elements\scroll_top.ctp, line 29
View::_evaluate() - CORE\Cake\View\View.php, line 945
View::_render() - CORE\Cake\View\View.php, line 907
View::_renderElement() - CORE\Cake\View\View.php, line 1207
View::element() - CORE\Cake\View\View.php, line 413
include - APP\View\Themed\locson\Layouts\default.ctp, line 59
View::_evaluate() - CORE\Cake\View\View.php, line 945
View::_render() - CORE\Cake\View\View.php, line 907
View::renderLayout() - CORE\Cake\View\View.php, line 532
View::render() - CORE\Cake\View\View.php, line 476
Controller::render() - CORE\Cake\Controller\Controller.php, line 955
AppController::render() - APP\Controller\AppController.php, line 280
Dispatcher::_invoke() - CORE\Cake\Routing\Dispatcher.php, line 193
Dispatcher::dispatch() - CORE\Cake\Routing\Dispatcher.php, line 161
[main] - APP\webroot\index.php, line 96

2013-05-03 11:55:04 Debug: Notice (8): Undefined index: path in [E:\workspace\croogo150\app\View\Themed\locson\Elements\scroll_top.ctp, line 29]
Trace:
include - APP\View\Themed\locson\Elements\scroll_top.ctp, line 29
View::_evaluate() - CORE\Cake\View\View.php, line 945
View::_render() - CORE\Cake\View\View.php, line 907
View::_renderElement() - CORE\Cake\View\View.php, line 1207
View::element() - CORE\Cake\View\View.php, line 413
include - APP\View\Themed\locson\Layouts\default.ctp, line 59
View::_evaluate() - CORE\Cake\View\View.php, line 945
View::_render() - CORE\Cake\View\View.php, line 907
View::renderLayout() - CORE\Cake\View\View.php, line 532
View::render() - CORE\Cake\View\View.php, line 476
Controller::render() - CORE\Cake\Controller\Controller.php, line 955
AppController::render() - APP\Controller\AppController.php, line 280
Dispatcher::_invoke() - CORE\Cake\Routing\Dispatcher.php, line 193
Dispatcher::dispatch() - CORE\Cake\Routing\Dispatcher.php, line 161
[main] - APP\webroot\index.php, line 96

2013-05-03 11:55:04 Debug: Notice (8): Undefined index: images in [E:\workspace\croogo150\app\View\Themed\locson\Elements\scroll_top.ctp, line 30]
Trace:
include - APP\View\Themed\locson\Elements\scroll_top.ctp, line 30
View::_evaluate() - CORE\Cake\View\View.php, line 945
View::_render() - CORE\Cake\View\View.php, line 907
View::_renderElement() - CORE\Cake\View\View.php, line 1207
View::element() - CORE\Cake\View\View.php, line 413
include - APP\View\Themed\locson\Layouts\default.ctp, line 59
View::_evaluate() - CORE\Cake\View\View.php, line 945
View::_render() - CORE\Cake\View\View.php, line 907
View::renderLayout() - CORE\Cake\View\View.php, line 532
View::render() - CORE\Cake\View\View.php, line 476
Controller::render() - CORE\Cake\Controller\Controller.php, line 955
AppController::render() - APP\Controller\AppController.php, line 280
Dispatcher::_invoke() - CORE\Cake\Routing\Dispatcher.php, line 193
Dispatcher::dispatch() - CORE\Cake\Routing\Dispatcher.php, line 161
[main] - APP\webroot\index.php, line 96

2013-05-03 11:55:04 Debug: Notice (8): Undefined index: images in [E:\workspace\croogo150\app\View\Themed\locson\Elements\scroll_top.ctp, line 30]
Trace:
include - APP\View\Themed\locson\Elements\scroll_top.ctp, line 30
View::_evaluate() - CORE\Cake\View\View.php, line 945
View::_render() - CORE\Cake\View\View.php, line 907
View::_renderElement() - CORE\Cake\View\View.php, line 1207
View::element() - CORE\Cake\View\View.php, line 413
include - APP\View\Themed\locson\Layouts\default.ctp, line 59
View::_evaluate() - CORE\Cake\View\View.php, line 945
View::_render() - CORE\Cake\View\View.php, line 907
View::renderLayout() - CORE\Cake\View\View.php, line 532
View::render() - CORE\Cake\View\View.php, line 476
Controller::render() - CORE\Cake\Controller\Controller.php, line 955
AppController::render() - APP\Controller\AppController.php, line 280
Dispatcher::_invoke() - CORE\Cake\Routing\Dispatcher.php, line 193
Dispatcher::dispatch() - CORE\Cake\Routing\Dispatcher.php, line 161
[main] - APP\webroot\index.php, line 96

2013-05-03 11:55:04 Debug: Notice (8): Undefined index: title in [E:\workspace\croogo150\app\View\Themed\locson\Elements\scroll_top.ctp, line 28]
Trace:
include - APP\View\Themed\locson\Elements\scroll_top.ctp, line 28
View::_evaluate() - CORE\Cake\View\View.php, line 945
View::_render() - CORE\Cake\View\View.php, line 907
View::_renderElement() - CORE\Cake\View\View.php, line 1207
View::element() - CORE\Cake\View\View.php, line 413
include - APP\View\Themed\locson\Layouts\default.ctp, line 59
View::_evaluate() - CORE\Cake\View\View.php, line 945
View::_render() - CORE\Cake\View\View.php, line 907
View::renderLayout() - CORE\Cake\View\View.php, line 532
View::render() - CORE\Cake\View\View.php, line 476
Controller::render() - CORE\Cake\Controller\Controller.php, line 955
AppController::render() - APP\Controller\AppController.php, line 280
Dispatcher::_invoke() - CORE\Cake\Routing\Dispatcher.php, line 193
Dispatcher::dispatch() - CORE\Cake\Routing\Dispatcher.php, line 161
[main] - APP\webroot\index.php, line 96

2013-05-03 11:55:04 Debug: Notice (8): Undefined index: title in [E:\workspace\croogo150\app\View\Themed\locson\Elements\scroll_top.ctp, line 28]
Trace:
include - APP\View\Themed\locson\Elements\scroll_top.ctp, line 28
View::_evaluate() - CORE\Cake\View\View.php, line 945
View::_render() - CORE\Cake\View\View.php, line 907
View::_renderElement() - CORE\Cake\View\View.php, line 1207
View::element() - CORE\Cake\View\View.php, line 413
include - APP\View\Themed\locson\Layouts\default.ctp, line 59
View::_evaluate() - CORE\Cake\View\View.php, line 945
View::_render() - CORE\Cake\View\View.php, line 907
View::renderLayout() - CORE\Cake\View\View.php, line 532
View::render() - CORE\Cake\View\View.php, line 476
Controller::render() - CORE\Cake\Controller\Controller.php, line 955
AppController::render() - APP\Controller\AppController.php, line 280
Dispatcher::_invoke() - CORE\Cake\Routing\Dispatcher.php, line 193
Dispatcher::dispatch() - CORE\Cake\Routing\Dispatcher.php, line 161
[main] - APP\webroot\index.php, line 96

2013-05-03 11:55:04 Debug: Notice (8): Undefined index: path in [E:\workspace\croogo150\app\View\Themed\locson\Elements\scroll_top.ctp, line 29]
Trace:
include - APP\View\Themed\locson\Elements\scroll_top.ctp, line 29
View::_evaluate() - CORE\Cake\View\View.php, line 945
View::_render() - CORE\Cake\View\View.php, line 907
View::_renderElement() - CORE\Cake\View\View.php, line 1207
View::element() - CORE\Cake\View\View.php, line 413
include - APP\View\Themed\locson\Layouts\default.ctp, line 59
View::_evaluate() - CORE\Cake\View\View.php, line 945
View::_render() - CORE\Cake\View\View.php, line 907
View::renderLayout() - CORE\Cake\View\View.php, line 532
View::render() - CORE\Cake\View\View.php, line 476
Controller::render() - CORE\Cake\Controller\Controller.php, line 955
AppController::render() - APP\Controller\AppController.php, line 280
Dispatcher::_invoke() - CORE\Cake\Routing\Dispatcher.php, line 193
Dispatcher::dispatch() - CORE\Cake\Routing\Dispatcher.php, line 161
[main] - APP\webroot\index.php, line 96

2013-05-03 11:55:04 Debug: Notice (8): Undefined index: path in [E:\workspace\croogo150\app\View\Themed\locson\Elements\scroll_top.ctp, line 29]
Trace:
include - APP\View\Themed\locson\Elements\scroll_top.ctp, line 29
View::_evaluate() - CORE\Cake\View\View.php, line 945
View::_render() - CORE\Cake\View\View.php, line 907
View::_renderElement() - CORE\Cake\View\View.php, line 1207
View::element() - CORE\Cake\View\View.php, line 413
include - APP\View\Themed\locson\Layouts\default.ctp, line 59
View::_evaluate() - CORE\Cake\View\View.php, line 945
View::_render() - CORE\Cake\View\View.php, line 907
View::renderLayout() - CORE\Cake\View\View.php, line 532
View::render() - CORE\Cake\View\View.php, line 476
Controller::render() - CORE\Cake\Controller\Controller.php, line 955
AppController::render() - APP\Controller\AppController.php, line 280
Dispatcher::_invoke() - CORE\Cake\Routing\Dispatcher.php, line 193
Dispatcher::dispatch() - CORE\Cake\Routing\Dispatcher.php, line 161
[main] - APP\webroot\index.php, line 96

2013-05-03 11:55:04 Debug: Notice (8): Undefined index: images in [E:\workspace\croogo150\app\View\Themed\locson\Elements\scroll_top.ctp, line 30]
Trace:
include - APP\View\Themed\locson\Elements\scroll_top.ctp, line 30
View::_evaluate() - CORE\Cake\View\View.php, line 945
View::_render() - CORE\Cake\View\View.php, line 907
View::_renderElement() - CORE\Cake\View\View.php, line 1207
View::element() - CORE\Cake\View\View.php, line 413
include - APP\View\Themed\locson\Layouts\default.ctp, line 59
View::_evaluate() - CORE\Cake\View\View.php, line 945
View::_render() - CORE\Cake\View\View.php, line 907
View::renderLayout() - CORE\Cake\View\View.php, line 532
View::render() - CORE\Cake\View\View.php, line 476
Controller::render() - CORE\Cake\Controller\Controller.php, line 955
AppController::render() - APP\Controller\AppController.php, line 280
Dispatcher::_invoke() - CORE\Cake\Routing\Dispatcher.php, line 193
Dispatcher::dispatch() - CORE\Cake\Routing\Dispatcher.php, line 161
[main] - APP\webroot\index.php, line 96

2013-05-03 11:55:04 Debug: Notice (8): Undefined index: images in [E:\workspace\croogo150\app\View\Themed\locson\Elements\scroll_top.ctp, line 30]
Trace:
include - APP\View\Themed\locson\Elements\scroll_top.ctp, line 30
View::_evaluate() - CORE\Cake\View\View.php, line 945
View::_render() - CORE\Cake\View\View.php, line 907
View::_renderElement() - CORE\Cake\View\View.php, line 1207
View::element() - CORE\Cake\View\View.php, line 413
include - APP\View\Themed\locson\Layouts\default.ctp, line 59
View::_evaluate() - CORE\Cake\View\View.php, line 945
View::_render() - CORE\Cake\View\View.php, line 907
View::renderLayout() - CORE\Cake\View\View.php, line 532
View::render() - CORE\Cake\View\View.php, line 476
Controller::render() - CORE\Cake\Controller\Controller.php, line 955
AppController::render() - APP\Controller\AppController.php, line 280
Dispatcher::_invoke() - CORE\Cake\Routing\Dispatcher.php, line 193
Dispatcher::dispatch() - CORE\Cake\Routing\Dispatcher.php, line 161
[main] - APP\webroot\index.php, line 96

2013-05-03 11:55:04 Debug: Notice (8): Undefined index: title in [E:\workspace\croogo150\app\View\Themed\locson\Elements\scroll_top.ctp, line 28]
Trace:
include - APP\View\Themed\locson\Elements\scroll_top.ctp, line 28
View::_evaluate() - CORE\Cake\View\View.php, line 945
View::_render() - CORE\Cake\View\View.php, line 907
View::_renderElement() - CORE\Cake\View\View.php, line 1207
View::element() - CORE\Cake\View\View.php, line 413
include - APP\View\Themed\locson\Layouts\default.ctp, line 59
View::_evaluate() - CORE\Cake\View\View.php, line 945
View::_render() - CORE\Cake\View\View.php, line 907
View::renderLayout() - CORE\Cake\View\View.php, line 532
View::render() - CORE\Cake\View\View.php, line 476
Controller::render() - CORE\Cake\Controller\Controller.php, line 955
AppController::render() - APP\Controller\AppController.php, line 280
Dispatcher::_invoke() - CORE\Cake\Routing\Dispatcher.php, line 193
Dispatcher::dispatch() - CORE\Cake\Routing\Dispatcher.php, line 161
[main] - APP\webroot\index.php, line 96

2013-05-03 11:55:04 Debug: Notice (8): Undefined index: title in [E:\workspace\croogo150\app\View\Themed\locson\Elements\scroll_top.ctp, line 28]
Trace:
include - APP\View\Themed\locson\Elements\scroll_top.ctp, line 28
View::_evaluate() - CORE\Cake\View\View.php, line 945
View::_render() - CORE\Cake\View\View.php, line 907
View::_renderElement() - CORE\Cake\View\View.php, line 1207
View::element() - CORE\Cake\View\View.php, line 413
include - APP\View\Themed\locson\Layouts\default.ctp, line 59
View::_evaluate() - CORE\Cake\View\View.php, line 945
View::_render() - CORE\Cake\View\View.php, line 907
View::renderLayout() - CORE\Cake\View\View.php, line 532
View::render() - CORE\Cake\View\View.php, line 476
Controller::render() - CORE\Cake\Controller\Controller.php, line 955
AppController::render() - APP\Controller\AppController.php, line 280
Dispatcher::_invoke() - CORE\Cake\Routing\Dispatcher.php, line 193
Dispatcher::dispatch() - CORE\Cake\Routing\Dispatcher.php, line 161
[main] - APP\webroot\index.php, line 96

2013-05-03 11:55:04 Debug: Notice (8): Undefined index: path in [E:\workspace\croogo150\app\View\Themed\locson\Elements\scroll_top.ctp, line 29]
Trace:
include - APP\View\Themed\locson\Elements\scroll_top.ctp, line 29
View::_evaluate() - CORE\Cake\View\View.php, line 945
View::_render() - CORE\Cake\View\View.php, line 907
View::_renderElement() - CORE\Cake\View\View.php, line 1207
View::element() - CORE\Cake\View\View.php, line 413
include - APP\View\Themed\locson\Layouts\default.ctp, line 59
View::_evaluate() - CORE\Cake\View\View.php, line 945
View::_render() - CORE\Cake\View\View.php, line 907
View::renderLayout() - CORE\Cake\View\View.php, line 532
View::render() - CORE\Cake\View\View.php, line 476
Controller::render() - CORE\Cake\Controller\Controller.php, line 955
AppController::render() - APP\Controller\AppController.php, line 280
Dispatcher::_invoke() - CORE\Cake\Routing\Dispatcher.php, line 193
Dispatcher::dispatch() - CORE\Cake\Routing\Dispatcher.php, line 161
[main] - APP\webroot\index.php, line 96

2013-05-03 11:55:04 Debug: Notice (8): Undefined index: path in [E:\workspace\croogo150\app\View\Themed\locson\Elements\scroll_top.ctp, line 29]
Trace:
include - APP\View\Themed\locson\Elements\scroll_top.ctp, line 29
View::_evaluate() - CORE\Cake\View\View.php, line 945
View::_render() - CORE\Cake\View\View.php, line 907
View::_renderElement() - CORE\Cake\View\View.php, line 1207
View::element() - CORE\Cake\View\View.php, line 413
include - APP\View\Themed\locson\Layouts\default.ctp, line 59
View::_evaluate() - CORE\Cake\View\View.php, line 945
View::_render() - CORE\Cake\View\View.php, line 907
View::renderLayout() - CORE\Cake\View\View.php, line 532
View::render() - CORE\Cake\View\View.php, line 476
Controller::render() - CORE\Cake\Controller\Controller.php, line 955
AppController::render() - APP\Controller\AppController.php, line 280
Dispatcher::_invoke() - CORE\Cake\Routing\Dispatcher.php, line 193
Dispatcher::dispatch() - CORE\Cake\Routing\Dispatcher.php, line 161
[main] - APP\webroot\index.php, line 96

2013-05-03 11:55:04 Debug: Notice (8): Undefined index: images in [E:\workspace\croogo150\app\View\Themed\locson\Elements\scroll_top.ctp, line 30]
Trace:
include - APP\View\Themed\locson\Elements\scroll_top.ctp, line 30
View::_evaluate() - CORE\Cake\View\View.php, line 945
View::_render() - CORE\Cake\View\View.php, line 907
View::_renderElement() - CORE\Cake\View\View.php, line 1207
View::element() - CORE\Cake\View\View.php, line 413
include - APP\View\Themed\locson\Layouts\default.ctp, line 59
View::_evaluate() - CORE\Cake\View\View.php, line 945
View::_render() - CORE\Cake\View\View.php, line 907
View::renderLayout() - CORE\Cake\View\View.php, line 532
View::render() - CORE\Cake\View\View.php, line 476
Controller::render() - CORE\Cake\Controller\Controller.php, line 955
AppController::render() - APP\Controller\AppController.php, line 280
Dispatcher::_invoke() - CORE\Cake\Routing\Dispatcher.php, line 193
Dispatcher::dispatch() - CORE\Cake\Routing\Dispatcher.php, line 161
[main] - APP\webroot\index.php, line 96

2013-05-03 11:55:04 Debug: Notice (8): Undefined index: images in [E:\workspace\croogo150\app\View\Themed\locson\Elements\scroll_top.ctp, line 30]
Trace:
include - APP\View\Themed\locson\Elements\scroll_top.ctp, line 30
View::_evaluate() - CORE\Cake\View\View.php, line 945
View::_render() - CORE\Cake\View\View.php, line 907
View::_renderElement() - CORE\Cake\View\View.php, line 1207
View::element() - CORE\Cake\View\View.php, line 413
include - APP\View\Themed\locson\Layouts\default.ctp, line 59
View::_evaluate() - CORE\Cake\View\View.php, line 945
View::_render() - CORE\Cake\View\View.php, line 907
View::renderLayout() - CORE\Cake\View\View.php, line 532
View::render() - CORE\Cake\View\View.php, line 476
Controller::render() - CORE\Cake\Controller\Controller.php, line 955
AppController::render() - APP\Controller\AppController.php, line 280
Dispatcher::_invoke() - CORE\Cake\Routing\Dispatcher.php, line 193
Dispatcher::dispatch() - CORE\Cake\Routing\Dispatcher.php, line 161
[main] - APP\webroot\index.php, line 96

2013-05-03 11:55:04 Debug: Notice (8): Undefined index: title in [E:\workspace\croogo150\app\View\Themed\locson\Elements\scroll_top.ctp, line 28]
Trace:
include - APP\View\Themed\locson\Elements\scroll_top.ctp, line 28
View::_evaluate() - CORE\Cake\View\View.php, line 945
View::_render() - CORE\Cake\View\View.php, line 907
View::_renderElement() - CORE\Cake\View\View.php, line 1207
View::element() - CORE\Cake\View\View.php, line 413
include - APP\View\Themed\locson\Layouts\default.ctp, line 59
View::_evaluate() - CORE\Cake\View\View.php, line 945
View::_render() - CORE\Cake\View\View.php, line 907
View::renderLayout() - CORE\Cake\View\View.php, line 532
View::render() - CORE\Cake\View\View.php, line 476
Controller::render() - CORE\Cake\Controller\Controller.php, line 955
AppController::render() - APP\Controller\AppController.php, line 280
Dispatcher::_invoke() - CORE\Cake\Routing\Dispatcher.php, line 193
Dispatcher::dispatch() - CORE\Cake\Routing\Dispatcher.php, line 161
[main] - APP\webroot\index.php, line 96

2013-05-03 11:55:04 Debug: Notice (8): Undefined index: title in [E:\workspace\croogo150\app\View\Themed\locson\Elements\scroll_top.ctp, line 28]
Trace:
include - APP\View\Themed\locson\Elements\scroll_top.ctp, line 28
View::_evaluate() - CORE\Cake\View\View.php, line 945
View::_render() - CORE\Cake\View\View.php, line 907
View::_renderElement() - CORE\Cake\View\View.php, line 1207
View::element() - CORE\Cake\View\View.php, line 413
include - APP\View\Themed\locson\Layouts\default.ctp, line 59
View::_evaluate() - CORE\Cake\View\View.php, line 945
View::_render() - CORE\Cake\View\View.php, line 907
View::renderLayout() - CORE\Cake\View\View.php, line 532
View::render() - CORE\Cake\View\View.php, line 476
Controller::render() - CORE\Cake\Controller\Controller.php, line 955
AppController::render() - APP\Controller\AppController.php, line 280
Dispatcher::_invoke() - CORE\Cake\Routing\Dispatcher.php, line 193
Dispatcher::dispatch() - CORE\Cake\Routing\Dispatcher.php, line 161
[main] - APP\webroot\index.php, line 96

2013-05-03 11:55:04 Debug: Notice (8): Undefined index: path in [E:\workspace\croogo150\app\View\Themed\locson\Elements\scroll_top.ctp, line 29]
Trace:
include - APP\View\Themed\locson\Elements\scroll_top.ctp, line 29
View::_evaluate() - CORE\Cake\View\View.php, line 945
View::_render() - CORE\Cake\View\View.php, line 907
View::_renderElement() - CORE\Cake\View\View.php, line 1207
View::element() - CORE\Cake\View\View.php, line 413
include - APP\View\Themed\locson\Layouts\default.ctp, line 59
View::_evaluate() - CORE\Cake\View\View.php, line 945
View::_render() - CORE\Cake\View\View.php, line 907
View::renderLayout() - CORE\Cake\View\View.php, line 532
View::render() - CORE\Cake\View\View.php, line 476
Controller::render() - CORE\Cake\Controller\Controller.php, line 955
AppController::render() - APP\Controller\AppController.php, line 280
Dispatcher::_invoke() - CORE\Cake\Routing\Dispatcher.php, line 193
Dispatcher::dispatch() - CORE\Cake\Routing\Dispatcher.php, line 161
[main] - APP\webroot\index.php, line 96

2013-05-03 11:55:04 Debug: Notice (8): Undefined index: path in [E:\workspace\croogo150\app\View\Themed\locson\Elements\scroll_top.ctp, line 29]
Trace:
include - APP\View\Themed\locson\Elements\scroll_top.ctp, line 29
View::_evaluate() - CORE\Cake\View\View.php, line 945
View::_render() - CORE\Cake\View\View.php, line 907
View::_renderElement() - CORE\Cake\View\View.php, line 1207
View::element() - CORE\Cake\View\View.php, line 413
include - APP\View\Themed\locson\Layouts\default.ctp, line 59
View::_evaluate() - CORE\Cake\View\View.php, line 945
View::_render() - CORE\Cake\View\View.php, line 907
View::renderLayout() - CORE\Cake\View\View.php, line 532
View::render() - CORE\Cake\View\View.php, line 476
Controller::render() - CORE\Cake\Controller\Controller.php, line 955
AppController::render() - APP\Controller\AppController.php, line 280
Dispatcher::_invoke() - CORE\Cake\Routing\Dispatcher.php, line 193
Dispatcher::dispatch() - CORE\Cake\Routing\Dispatcher.php, line 161
[main] - APP\webroot\index.php, line 96

2013-05-03 11:55:04 Debug: Notice (8): Undefined index: images in [E:\workspace\croogo150\app\View\Themed\locson\Elements\scroll_top.ctp, line 30]
Trace:
include - APP\View\Themed\locson\Elements\scroll_top.ctp, line 30
View::_evaluate() - CORE\Cake\View\View.php, line 945
View::_render() - CORE\Cake\View\View.php, line 907
View::_renderElement() - CORE\Cake\View\View.php, line 1207
View::element() - CORE\Cake\View\View.php, line 413
include - APP\View\Themed\locson\Layouts\default.ctp, line 59
View::_evaluate() - CORE\Cake\View\View.php, line 945
View::_render() - CORE\Cake\View\View.php, line 907
View::renderLayout() - CORE\Cake\View\View.php, line 532
View::render() - CORE\Cake\View\View.php, line 476
Controller::render() - CORE\Cake\Controller\Controller.php, line 955
AppController::render() - APP\Controller\AppController.php, line 280
Dispatcher::_invoke() - CORE\Cake\Routing\Dispatcher.php, line 193
Dispatcher::dispatch() - CORE\Cake\Routing\Dispatcher.php, line 161
[main] - APP\webroot\index.php, line 96

2013-05-03 11:55:04 Debug: Notice (8): Undefined index: images in [E:\workspace\croogo150\app\View\Themed\locson\Elements\scroll_top.ctp, line 30]
Trace:
include - APP\View\Themed\locson\Elements\scroll_top.ctp, line 30
View::_evaluate() - CORE\Cake\View\View.php, line 945
View::_render() - CORE\Cake\View\View.php, line 907
View::_renderElement() - CORE\Cake\View\View.php, line 1207
View::element() - CORE\Cake\View\View.php, line 413
include - APP\View\Themed\locson\Layouts\default.ctp, line 59
View::_evaluate() - CORE\Cake\View\View.php, line 945
View::_render() - CORE\Cake\View\View.php, line 907
View::renderLayout() - CORE\Cake\View\View.php, line 532
View::render() - CORE\Cake\View\View.php, line 476
Controller::render() - CORE\Cake\Controller\Controller.php, line 955
AppController::render() - APP\Controller\AppController.php, line 280
Dispatcher::_invoke() - CORE\Cake\Routing\Dispatcher.php, line 193
Dispatcher::dispatch() - CORE\Cake\Routing\Dispatcher.php, line 161
[main] - APP\webroot\index.php, line 96

2013-05-03 11:55:04 Debug: Notice (8): Undefined index: title in [E:\workspace\croogo150\app\View\Themed\locson\Elements\scroll_top.ctp, line 28]
Trace:
include - APP\View\Themed\locson\Elements\scroll_top.ctp, line 28
View::_evaluate() - CORE\Cake\View\View.php, line 945
View::_render() - CORE\Cake\View\View.php, line 907
View::_renderElement() - CORE\Cake\View\View.php, line 1207
View::element() - CORE\Cake\View\View.php, line 413
include - APP\View\Themed\locson\Layouts\default.ctp, line 59
View::_evaluate() - CORE\Cake\View\View.php, line 945
View::_render() - CORE\Cake\View\View.php, line 907
View::renderLayout() - CORE\Cake\View\View.php, line 532
View::render() - CORE\Cake\View\View.php, line 476
Controller::render() - CORE\Cake\Controller\Controller.php, line 955
AppController::render() - APP\Controller\AppController.php, line 280
Dispatcher::_invoke() - CORE\Cake\Routing\Dispatcher.php, line 193
Dispatcher::dispatch() - CORE\Cake\Routing\Dispatcher.php, line 161
[main] - APP\webroot\index.php, line 96

2013-05-03 11:55:04 Debug: Notice (8): Undefined index: title in [E:\workspace\croogo150\app\View\Themed\locson\Elements\scroll_top.ctp, line 28]
Trace:
include - APP\View\Themed\locson\Elements\scroll_top.ctp, line 28
View::_evaluate() - CORE\Cake\View\View.php, line 945
View::_render() - CORE\Cake\View\View.php, line 907
View::_renderElement() - CORE\Cake\View\View.php, line 1207
View::element() - CORE\Cake\View\View.php, line 413
include - APP\View\Themed\locson\Layouts\default.ctp, line 59
View::_evaluate() - CORE\Cake\View\View.php, line 945
View::_render() - CORE\Cake\View\View.php, line 907
View::renderLayout() - CORE\Cake\View\View.php, line 532
View::render() - CORE\Cake\View\View.php, line 476
Controller::render() - CORE\Cake\Controller\Controller.php, line 955
AppController::render() - APP\Controller\AppController.php, line 280
Dispatcher::_invoke() - CORE\Cake\Routing\Dispatcher.php, line 193
Dispatcher::dispatch() - CORE\Cake\Routing\Dispatcher.php, line 161
[main] - APP\webroot\index.php, line 96

2013-05-03 11:55:05 Debug: Notice (8): Undefined index: path in [E:\workspace\croogo150\app\View\Themed\locson\Elements\scroll_top.ctp, line 29]
Trace:
include - APP\View\Themed\locson\Elements\scroll_top.ctp, line 29
View::_evaluate() - CORE\Cake\View\View.php, line 945
View::_render() - CORE\Cake\View\View.php, line 907
View::_renderElement() - CORE\Cake\View\View.php, line 1207
View::element() - CORE\Cake\View\View.php, line 413
include - APP\View\Themed\locson\Layouts\default.ctp, line 59
View::_evaluate() - CORE\Cake\View\View.php, line 945
View::_render() - CORE\Cake\View\View.php, line 907
View::renderLayout() - CORE\Cake\View\View.php, line 532
View::render() - CORE\Cake\View\View.php, line 476
Controller::render() - CORE\Cake\Controller\Controller.php, line 955
AppController::render() - APP\Controller\AppController.php, line 280
Dispatcher::_invoke() - CORE\Cake\Routing\Dispatcher.php, line 193
Dispatcher::dispatch() - CORE\Cake\Routing\Dispatcher.php, line 161
[main] - APP\webroot\index.php, line 96

2013-05-03 11:55:05 Debug: Notice (8): Undefined index: path in [E:\workspace\croogo150\app\View\Themed\locson\Elements\scroll_top.ctp, line 29]
Trace:
include - APP\View\Themed\locson\Elements\scroll_top.ctp, line 29
View::_evaluate() - CORE\Cake\View\View.php, line 945
View::_render() - CORE\Cake\View\View.php, line 907
View::_renderElement() - CORE\Cake\View\View.php, line 1207
View::element() - CORE\Cake\View\View.php, line 413
include - APP\View\Themed\locson\Layouts\default.ctp, line 59
View::_evaluate() - CORE\Cake\View\View.php, line 945
View::_render() - CORE\Cake\View\View.php, line 907
View::renderLayout() - CORE\Cake\View\View.php, line 532
View::render() - CORE\Cake\View\View.php, line 476
Controller::render() - CORE\Cake\Controller\Controller.php, line 955
AppController::render() - APP\Controller\AppController.php, line 280
Dispatcher::_invoke() - CORE\Cake\Routing\Dispatcher.php, line 193
Dispatcher::dispatch() - CORE\Cake\Routing\Dispatcher.php, line 161
[main] - APP\webroot\index.php, line 96

2013-05-03 11:55:05 Debug: Notice (8): Undefined index: images in [E:\workspace\croogo150\app\View\Themed\locson\Elements\scroll_top.ctp, line 30]
Trace:
include - APP\View\Themed\locson\Elements\scroll_top.ctp, line 30
View::_evaluate() - CORE\Cake\View\View.php, line 945
View::_render() - CORE\Cake\View\View.php, line 907
View::_renderElement() - CORE\Cake\View\View.php, line 1207
View::element() - CORE\Cake\View\View.php, line 413
include - APP\View\Themed\locson\Layouts\default.ctp, line 59
View::_evaluate() - CORE\Cake\View\View.php, line 945
View::_render() - CORE\Cake\View\View.php, line 907
View::renderLayout() - CORE\Cake\View\View.php, line 532
View::render() - CORE\Cake\View\View.php, line 476
Controller::render() - CORE\Cake\Controller\Controller.php, line 955
AppController::render() - APP\Controller\AppController.php, line 280
Dispatcher::_invoke() - CORE\Cake\Routing\Dispatcher.php, line 193
Dispatcher::dispatch() - CORE\Cake\Routing\Dispatcher.php, line 161
[main] - APP\webroot\index.php, line 96

2013-05-03 11:55:05 Debug: Notice (8): Undefined index: images in [E:\workspace\croogo150\app\View\Themed\locson\Elements\scroll_top.ctp, line 30]
Trace:
include - APP\View\Themed\locson\Elements\scroll_top.ctp, line 30
View::_evaluate() - CORE\Cake\View\View.php, line 945
View::_render() - CORE\Cake\View\View.php, line 907
View::_renderElement() - CORE\Cake\View\View.php, line 1207
View::element() - CORE\Cake\View\View.php, line 413
include - APP\View\Themed\locson\Layouts\default.ctp, line 59
View::_evaluate() - CORE\Cake\View\View.php, line 945
View::_render() - CORE\Cake\View\View.php, line 907
View::renderLayout() - CORE\Cake\View\View.php, line 532
View::render() - CORE\Cake\View\View.php, line 476
Controller::render() - CORE\Cake\Controller\Controller.php, line 955
AppController::render() - APP\Controller\AppController.php, line 280
Dispatcher::_invoke() - CORE\Cake\Routing\Dispatcher.php, line 193
Dispatcher::dispatch() - CORE\Cake\Routing\Dispatcher.php, line 161
[main] - APP\webroot\index.php, line 96

2013-05-03 11:55:05 Debug: Notice (8): Undefined index: title in [E:\workspace\croogo150\app\View\Themed\locson\Elements\scroll_top.ctp, line 28]
Trace:
include - APP\View\Themed\locson\Elements\scroll_top.ctp, line 28
View::_evaluate() - CORE\Cake\View\View.php, line 945
View::_render() - CORE\Cake\View\View.php, line 907
View::_renderElement() - CORE\Cake\View\View.php, line 1207
View::element() - CORE\Cake\View\View.php, line 413
include - APP\View\Themed\locson\Layouts\default.ctp, line 59
View::_evaluate() - CORE\Cake\View\View.php, line 945
View::_render() - CORE\Cake\View\View.php, line 907
View::renderLayout() - CORE\Cake\View\View.php, line 532
View::render() - CORE\Cake\View\View.php, line 476
Controller::render() - CORE\Cake\Controller\Controller.php, line 955
AppController::render() - APP\Controller\AppController.php, line 280
Dispatcher::_invoke() - CORE\Cake\Routing\Dispatcher.php, line 193
Dispatcher::dispatch() - CORE\Cake\Routing\Dispatcher.php, line 161
[main] - APP\webroot\index.php, line 96

2013-05-03 11:55:05 Debug: Notice (8): Undefined index: title in [E:\workspace\croogo150\app\View\Themed\locson\Elements\scroll_top.ctp, line 28]
Trace:
include - APP\View\Themed\locson\Elements\scroll_top.ctp, line 28
View::_evaluate() - CORE\Cake\View\View.php, line 945
View::_render() - CORE\Cake\View\View.php, line 907
View::_renderElement() - CORE\Cake\View\View.php, line 1207
View::element() - CORE\Cake\View\View.php, line 413
include - APP\View\Themed\locson\Layouts\default.ctp, line 59
View::_evaluate() - CORE\Cake\View\View.php, line 945
View::_render() - CORE\Cake\View\View.php, line 907
View::renderLayout() - CORE\Cake\View\View.php, line 532
View::render() - CORE\Cake\View\View.php, line 476
Controller::render() - CORE\Cake\Controller\Controller.php, line 955
AppController::render() - APP\Controller\AppController.php, line 280
Dispatcher::_invoke() - CORE\Cake\Routing\Dispatcher.php, line 193
Dispatcher::dispatch() - CORE\Cake\Routing\Dispatcher.php, line 161
[main] - APP\webroot\index.php, line 96

2013-05-03 11:55:05 Debug: Notice (8): Undefined index: path in [E:\workspace\croogo150\app\View\Themed\locson\Elements\scroll_top.ctp, line 29]
Trace:
include - APP\View\Themed\locson\Elements\scroll_top.ctp, line 29
View::_evaluate() - CORE\Cake\View\View.php, line 945
View::_render() - CORE\Cake\View\View.php, line 907
View::_renderElement() - CORE\Cake\View\View.php, line 1207
View::element() - CORE\Cake\View\View.php, line 413
include - APP\View\Themed\locson\Layouts\default.ctp, line 59
View::_evaluate() - CORE\Cake\View\View.php, line 945
View::_render() - CORE\Cake\View\View.php, line 907
View::renderLayout() - CORE\Cake\View\View.php, line 532
View::render() - CORE\Cake\View\View.php, line 476
Controller::render() - CORE\Cake\Controller\Controller.php, line 955
AppController::render() - APP\Controller\AppController.php, line 280
Dispatcher::_invoke() - CORE\Cake\Routing\Dispatcher.php, line 193
Dispatcher::dispatch() - CORE\Cake\Routing\Dispatcher.php, line 161
[main] - APP\webroot\index.php, line 96

2013-05-03 11:55:05 Debug: Notice (8): Undefined index: path in [E:\workspace\croogo150\app\View\Themed\locson\Elements\scroll_top.ctp, line 29]
Trace:
include - APP\View\Themed\locson\Elements\scroll_top.ctp, line 29
View::_evaluate() - CORE\Cake\View\View.php, line 945
View::_render() - CORE\Cake\View\View.php, line 907
View::_renderElement() - CORE\Cake\View\View.php, line 1207
View::element() - CORE\Cake\View\View.php, line 413
include - APP\View\Themed\locson\Layouts\default.ctp, line 59
View::_evaluate() - CORE\Cake\View\View.php, line 945
View::_render() - CORE\Cake\View\View.php, line 907
View::renderLayout() - CORE\Cake\View\View.php, line 532
View::render() - CORE\Cake\View\View.php, line 476
Controller::render() - CORE\Cake\Controller\Controller.php, line 955
AppController::render() - APP\Controller\AppController.php, line 280
Dispatcher::_invoke() - CORE\Cake\Routing\Dispatcher.php, line 193
Dispatcher::dispatch() - CORE\Cake\Routing\Dispatcher.php, line 161
[main] - APP\webroot\index.php, line 96

2013-05-03 11:55:05 Debug: Notice (8): Undefined index: images in [E:\workspace\croogo150\app\View\Themed\locson\Elements\scroll_top.ctp, line 30]
Trace:
include - APP\View\Themed\locson\Elements\scroll_top.ctp, line 30
View::_evaluate() - CORE\Cake\View\View.php, line 945
View::_render() - CORE\Cake\View\View.php, line 907
View::_renderElement() - CORE\Cake\View\View.php, line 1207
View::element() - CORE\Cake\View\View.php, line 413
include - APP\View\Themed\locson\Layouts\default.ctp, line 59
View::_evaluate() - CORE\Cake\View\View.php, line 945
View::_render() - CORE\Cake\View\View.php, line 907
View::renderLayout() - CORE\Cake\View\View.php, line 532
View::render() - CORE\Cake\View\View.php, line 476
Controller::render() - CORE\Cake\Controller\Controller.php, line 955
AppController::render() - APP\Controller\AppController.php, line 280
Dispatcher::_invoke() - CORE\Cake\Routing\Dispatcher.php, line 193
Dispatcher::dispatch() - CORE\Cake\Routing\Dispatcher.php, line 161
[main] - APP\webroot\index.php, line 96

2013-05-03 11:55:05 Debug: Notice (8): Undefined index: images in [E:\workspace\croogo150\app\View\Themed\locson\Elements\scroll_top.ctp, line 30]
Trace:
include - APP\View\Themed\locson\Elements\scroll_top.ctp, line 30
View::_evaluate() - CORE\Cake\View\View.php, line 945
View::_render() - CORE\Cake\View\View.php, line 907
View::_renderElement() - CORE\Cake\View\View.php, line 1207
View::element() - CORE\Cake\View\View.php, line 413
include - APP\View\Themed\locson\Layouts\default.ctp, line 59
View::_evaluate() - CORE\Cake\View\View.php, line 945
View::_render() - CORE\Cake\View\View.php, line 907
View::renderLayout() - CORE\Cake\View\View.php, line 532
View::render() - CORE\Cake\View\View.php, line 476
Controller::render() - CORE\Cake\Controller\Controller.php, line 955
AppController::render() - APP\Controller\AppController.php, line 280
Dispatcher::_invoke() - CORE\Cake\Routing\Dispatcher.php, line 193
Dispatcher::dispatch() - CORE\Cake\Routing\Dispatcher.php, line 161
[main] - APP\webroot\index.php, line 96

2013-05-03 11:55:06 Debug: Notice (8): Undefined variable: arrData in [E:\workspace\croogo150\app\View\Themed\locson\Elements\scroll_top.ctp, line 26]
Trace:
include - APP\View\Themed\locson\Elements\scroll_top.ctp, line 26
View::_evaluate() - CORE\Cake\View\View.php, line 945
View::_render() - CORE\Cake\View\View.php, line 907
View::_renderElement() - CORE\Cake\View\View.php, line 1207
View::element() - CORE\Cake\View\View.php, line 413
include - APP\View\Themed\locson\Layouts\default.ctp, line 59
View::_evaluate() - CORE\Cake\View\View.php, line 945
View::_render() - CORE\Cake\View\View.php, line 907
View::renderLayout() - CORE\Cake\View\View.php, line 532
View::render() - CORE\Cake\View\View.php, line 476
Controller::render() - CORE\Cake\Controller\Controller.php, line 955
AppController::render() - APP\Controller\AppController.php, line 280
ExceptionRenderer::_outputMessage() - CORE\Cake\Error\ExceptionRenderer.php, line 273
ExceptionRenderer::error400() - CORE\Cake\Error\ExceptionRenderer.php, line 219
ExceptionRenderer::render() - CORE\Cake\Error\ExceptionRenderer.php, line 175
ErrorHandler::handleException() - CORE\Cake\Error\ErrorHandler.php, line 126
[main] - [internal], line ??

2013-05-03 11:55:06 Debug: Notice (8): Undefined variable: arrData in [E:\workspace\croogo150\app\View\Themed\locson\Elements\scroll_top.ctp, line 26]
Trace:
include - APP\View\Themed\locson\Elements\scroll_top.ctp, line 26
View::_evaluate() - CORE\Cake\View\View.php, line 945
View::_render() - CORE\Cake\View\View.php, line 907
View::_renderElement() - CORE\Cake\View\View.php, line 1207
View::element() - CORE\Cake\View\View.php, line 413
include - APP\View\Themed\locson\Layouts\default.ctp, line 59
View::_evaluate() - CORE\Cake\View\View.php, line 945
View::_render() - CORE\Cake\View\View.php, line 907
View::renderLayout() - CORE\Cake\View\View.php, line 532
View::render() - CORE\Cake\View\View.php, line 476
Controller::render() - CORE\Cake\Controller\Controller.php, line 955
AppController::render() - APP\Controller\AppController.php, line 280
ExceptionRenderer::_outputMessage() - CORE\Cake\Error\ExceptionRenderer.php, line 273
ExceptionRenderer::error400() - CORE\Cake\Error\ExceptionRenderer.php, line 219
ExceptionRenderer::render() - CORE\Cake\Error\ExceptionRenderer.php, line 175
ErrorHandler::handleException() - CORE\Cake\Error\ErrorHandler.php, line 126
[main] - [internal], line ??

2013-05-03 11:55:08 Debug: Notice (8): Undefined variable: arrData in [E:\workspace\croogo150\app\View\Themed\locson\Elements\scroll_top.ctp, line 26]
Trace:
include - APP\View\Themed\locson\Elements\scroll_top.ctp, line 26
View::_evaluate() - CORE\Cake\View\View.php, line 945
View::_render() - CORE\Cake\View\View.php, line 907
View::_renderElement() - CORE\Cake\View\View.php, line 1207
View::element() - CORE\Cake\View\View.php, line 413
include - APP\View\Themed\locson\Layouts\default.ctp, line 59
View::_evaluate() - CORE\Cake\View\View.php, line 945
View::_render() - CORE\Cake\View\View.php, line 907
View::renderLayout() - CORE\Cake\View\View.php, line 532
View::render() - CORE\Cake\View\View.php, line 476
Controller::render() - CORE\Cake\Controller\Controller.php, line 955
AppController::render() - APP\Controller\AppController.php, line 280
ExceptionRenderer::_outputMessage() - CORE\Cake\Error\ExceptionRenderer.php, line 273
ExceptionRenderer::error400() - CORE\Cake\Error\ExceptionRenderer.php, line 219
ExceptionRenderer::render() - CORE\Cake\Error\ExceptionRenderer.php, line 175
ErrorHandler::handleException() - CORE\Cake\Error\ErrorHandler.php, line 126
[main] - [internal], line ??

2013-05-03 11:55:08 Debug: Notice (8): Undefined variable: arrData in [E:\workspace\croogo150\app\View\Themed\locson\Elements\scroll_top.ctp, line 26]
Trace:
include - APP\View\Themed\locson\Elements\scroll_top.ctp, line 26
View::_evaluate() - CORE\Cake\View\View.php, line 945
View::_render() - CORE\Cake\View\View.php, line 907
View::_renderElement() - CORE\Cake\View\View.php, line 1207
View::element() - CORE\Cake\View\View.php, line 413
include - APP\View\Themed\locson\Layouts\default.ctp, line 59
View::_evaluate() - CORE\Cake\View\View.php, line 945
View::_render() - CORE\Cake\View\View.php, line 907
View::renderLayout() - CORE\Cake\View\View.php, line 532
View::render() - CORE\Cake\View\View.php, line 476
Controller::render() - CORE\Cake\Controller\Controller.php, line 955
AppController::render() - APP\Controller\AppController.php, line 280
ExceptionRenderer::_outputMessage() - CORE\Cake\Error\ExceptionRenderer.php, line 273
ExceptionRenderer::error400() - CORE\Cake\Error\ExceptionRenderer.php, line 219
ExceptionRenderer::render() - CORE\Cake\Error\ExceptionRenderer.php, line 175
ErrorHandler::handleException() - CORE\Cake\Error\ErrorHandler.php, line 126
[main] - [internal], line ??

2013-05-03 11:55:09 Debug: Notice (8): Undefined variable: arrData in [E:\workspace\croogo150\app\View\Themed\locson\Elements\scroll_top.ctp, line 26]
Trace:
include - APP\View\Themed\locson\Elements\scroll_top.ctp, line 26
View::_evaluate() - CORE\Cake\View\View.php, line 945
View::_render() - CORE\Cake\View\View.php, line 907
View::_renderElement() - CORE\Cake\View\View.php, line 1207
View::element() - CORE\Cake\View\View.php, line 413
include - APP\View\Themed\locson\Layouts\default.ctp, line 59
View::_evaluate() - CORE\Cake\View\View.php, line 945
View::_render() - CORE\Cake\View\View.php, line 907
View::renderLayout() - CORE\Cake\View\View.php, line 532
View::render() - CORE\Cake\View\View.php, line 476
Controller::render() - CORE\Cake\Controller\Controller.php, line 955
AppController::render() - APP\Controller\AppController.php, line 280
Dispatcher::_invoke() - CORE\Cake\Routing\Dispatcher.php, line 193
Dispatcher::dispatch() - CORE\Cake\Routing\Dispatcher.php, line 161
[main] - APP\webroot\index.php, line 96

2013-05-03 11:55:09 Debug: Notice (8): Undefined variable: arrData in [E:\workspace\croogo150\app\View\Themed\locson\Elements\scroll_top.ctp, line 26]
Trace:
include - APP\View\Themed\locson\Elements\scroll_top.ctp, line 26
View::_evaluate() - CORE\Cake\View\View.php, line 945
View::_render() - CORE\Cake\View\View.php, line 907
View::_renderElement() - CORE\Cake\View\View.php, line 1207
View::element() - CORE\Cake\View\View.php, line 413
include - APP\View\Themed\locson\Layouts\default.ctp, line 59
View::_evaluate() - CORE\Cake\View\View.php, line 945
View::_render() - CORE\Cake\View\View.php, line 907
View::renderLayout() - CORE\Cake\View\View.php, line 532
View::render() - CORE\Cake\View\View.php, line 476
Controller::render() - CORE\Cake\Controller\Controller.php, line 955
AppController::render() - APP\Controller\AppController.php, line 280
Dispatcher::_invoke() - CORE\Cake\Routing\Dispatcher.php, line 193
Dispatcher::dispatch() - CORE\Cake\Routing\Dispatcher.php, line 161
[main] - APP\webroot\index.php, line 96

2013-05-03 11:55:11 Debug: Notice (8): Undefined variable: arrData in [E:\workspace\croogo150\app\View\Themed\locson\Elements\scroll_top.ctp, line 26]
Trace:
include - APP\View\Themed\locson\Elements\scroll_top.ctp, line 26
View::_evaluate() - CORE\Cake\View\View.php, line 945
View::_render() - CORE\Cake\View\View.php, line 907
View::_renderElement() - CORE\Cake\View\View.php, line 1207
View::element() - CORE\Cake\View\View.php, line 413
include - APP\View\Themed\locson\Layouts\default.ctp, line 59
View::_evaluate() - CORE\Cake\View\View.php, line 945
View::_render() - CORE\Cake\View\View.php, line 907
View::renderLayout() - CORE\Cake\View\View.php, line 532
View::render() - CORE\Cake\View\View.php, line 476
Controller::render() - CORE\Cake\Controller\Controller.php, line 955
AppController::render() - APP\Controller\AppController.php, line 280
ExceptionRenderer::_outputMessage() - CORE\Cake\Error\ExceptionRenderer.php, line 273
ExceptionRenderer::error400() - CORE\Cake\Error\ExceptionRenderer.php, line 219
ExceptionRenderer::render() - CORE\Cake\Error\ExceptionRenderer.php, line 175
ErrorHandler::handleException() - CORE\Cake\Error\ErrorHandler.php, line 126
[main] - [internal], line ??

2013-05-03 11:55:11 Debug: Notice (8): Undefined variable: arrData in [E:\workspace\croogo150\app\View\Themed\locson\Elements\scroll_top.ctp, line 26]
Trace:
include - APP\View\Themed\locson\Elements\scroll_top.ctp, line 26
View::_evaluate() - CORE\Cake\View\View.php, line 945
View::_render() - CORE\Cake\View\View.php, line 907
View::_renderElement() - CORE\Cake\View\View.php, line 1207
View::element() - CORE\Cake\View\View.php, line 413
include - APP\View\Themed\locson\Layouts\default.ctp, line 59
View::_evaluate() - CORE\Cake\View\View.php, line 945
View::_render() - CORE\Cake\View\View.php, line 907
View::renderLayout() - CORE\Cake\View\View.php, line 532
View::render() - CORE\Cake\View\View.php, line 476
Controller::render() - CORE\Cake\Controller\Controller.php, line 955
AppController::render() - APP\Controller\AppController.php, line 280
ExceptionRenderer::_outputMessage() - CORE\Cake\Error\ExceptionRenderer.php, line 273
ExceptionRenderer::error400() - CORE\Cake\Error\ExceptionRenderer.php, line 219
ExceptionRenderer::render() - CORE\Cake\Error\ExceptionRenderer.php, line 175
ErrorHandler::handleException() - CORE\Cake\Error\ErrorHandler.php, line 126
[main] - [internal], line ??

2013-05-03 11:55:14 Debug: Notice (8): Undefined variable: arrData in [E:\workspace\croogo150\app\View\Themed\locson\Elements\scroll_top.ctp, line 26]
Trace:
include - APP\View\Themed\locson\Elements\scroll_top.ctp, line 26
View::_evaluate() - CORE\Cake\View\View.php, line 945
View::_render() - CORE\Cake\View\View.php, line 907
View::_renderElement() - CORE\Cake\View\View.php, line 1207
View::element() - CORE\Cake\View\View.php, line 413
include - APP\View\Themed\locson\Layouts\default.ctp, line 59
View::_evaluate() - CORE\Cake\View\View.php, line 945
View::_render() - CORE\Cake\View\View.php, line 907
View::renderLayout() - CORE\Cake\View\View.php, line 532
View::render() - CORE\Cake\View\View.php, line 476
Controller::render() - CORE\Cake\Controller\Controller.php, line 955
AppController::render() - APP\Controller\AppController.php, line 280
ExceptionRenderer::_outputMessage() - CORE\Cake\Error\ExceptionRenderer.php, line 273
ExceptionRenderer::error400() - CORE\Cake\Error\ExceptionRenderer.php, line 219
ExceptionRenderer::render() - CORE\Cake\Error\ExceptionRenderer.php, line 175
ErrorHandler::handleException() - CORE\Cake\Error\ErrorHandler.php, line 126
[main] - [internal], line ??

2013-05-03 11:55:14 Debug: Notice (8): Undefined variable: arrData in [E:\workspace\croogo150\app\View\Themed\locson\Elements\scroll_top.ctp, line 26]
Trace:
include - APP\View\Themed\locson\Elements\scroll_top.ctp, line 26
View::_evaluate() - CORE\Cake\View\View.php, line 945
View::_render() - CORE\Cake\View\View.php, line 907
View::_renderElement() - CORE\Cake\View\View.php, line 1207
View::element() - CORE\Cake\View\View.php, line 413
include - APP\View\Themed\locson\Layouts\default.ctp, line 59
View::_evaluate() - CORE\Cake\View\View.php, line 945
View::_render() - CORE\Cake\View\View.php, line 907
View::renderLayout() - CORE\Cake\View\View.php, line 532
View::render() - CORE\Cake\View\View.php, line 476
Controller::render() - CORE\Cake\Controller\Controller.php, line 955
AppController::render() - APP\Controller\AppController.php, line 280
ExceptionRenderer::_outputMessage() - CORE\Cake\Error\ExceptionRenderer.php, line 273
ExceptionRenderer::error400() - CORE\Cake\Error\ExceptionRenderer.php, line 219
ExceptionRenderer::render() - CORE\Cake\Error\ExceptionRenderer.php, line 175
ErrorHandler::handleException() - CORE\Cake\Error\ErrorHandler.php, line 126
[main] - [internal], line ??

2013-05-03 11:55:17 Debug: Notice (8): Undefined variable: arrData in [E:\workspace\croogo150\app\View\Themed\locson\Elements\scroll_top.ctp, line 26]
Trace:
include - APP\View\Themed\locson\Elements\scroll_top.ctp, line 26
View::_evaluate() - CORE\Cake\View\View.php, line 945
View::_render() - CORE\Cake\View\View.php, line 907
View::_renderElement() - CORE\Cake\View\View.php, line 1207
View::element() - CORE\Cake\View\View.php, line 413
include - APP\View\Themed\locson\Layouts\default.ctp, line 59
View::_evaluate() - CORE\Cake\View\View.php, line 945
View::_render() - CORE\Cake\View\View.php, line 907
View::renderLayout() - CORE\Cake\View\View.php, line 532
View::render() - CORE\Cake\View\View.php, line 476
Controller::render() - CORE\Cake\Controller\Controller.php, line 955
AppController::render() - APP\Controller\AppController.php, line 280
ExceptionRenderer::_outputMessage() - CORE\Cake\Error\ExceptionRenderer.php, line 273
ExceptionRenderer::error400() - CORE\Cake\Error\ExceptionRenderer.php, line 219
ExceptionRenderer::render() - CORE\Cake\Error\ExceptionRenderer.php, line 175
ErrorHandler::handleException() - CORE\Cake\Error\ErrorHandler.php, line 126
[main] - [internal], line ??

2013-05-03 11:55:17 Debug: Notice (8): Undefined variable: arrData in [E:\workspace\croogo150\app\View\Themed\locson\Elements\scroll_top.ctp, line 26]
Trace:
include - APP\View\Themed\locson\Elements\scroll_top.ctp, line 26
View::_evaluate() - CORE\Cake\View\View.php, line 945
View::_render() - CORE\Cake\View\View.php, line 907
View::_renderElement() - CORE\Cake\View\View.php, line 1207
View::element() - CORE\Cake\View\View.php, line 413
include - APP\View\Themed\locson\Layouts\default.ctp, line 59
View::_evaluate() - CORE\Cake\View\View.php, line 945
View::_render() - CORE\Cake\View\View.php, line 907
View::renderLayout() - CORE\Cake\View\View.php, line 532
View::render() - CORE\Cake\View\View.php, line 476
Controller::render() - CORE\Cake\Controller\Controller.php, line 955
AppController::render() - APP\Controller\AppController.php, line 280
ExceptionRenderer::_outputMessage() - CORE\Cake\Error\ExceptionRenderer.php, line 273
ExceptionRenderer::error400() - CORE\Cake\Error\ExceptionRenderer.php, line 219
ExceptionRenderer::render() - CORE\Cake\Error\ExceptionRenderer.php, line 175
ErrorHandler::handleException() - CORE\Cake\Error\ErrorHandler.php, line 126
[main] - [internal], line ??

2013-05-03 11:55:20 Debug: Notice (8): Undefined variable: arrData in [E:\workspace\croogo150\app\View\Themed\locson\Elements\scroll_top.ctp, line 26]
Trace:
include - APP\View\Themed\locson\Elements\scroll_top.ctp, line 26
View::_evaluate() - CORE\Cake\View\View.php, line 945
View::_render() - CORE\Cake\View\View.php, line 907
View::_renderElement() - CORE\Cake\View\View.php, line 1207
View::element() - CORE\Cake\View\View.php, line 413
include - APP\View\Themed\locson\Layouts\default.ctp, line 59
View::_evaluate() - CORE\Cake\View\View.php, line 945
View::_render() - CORE\Cake\View\View.php, line 907
View::renderLayout() - CORE\Cake\View\View.php, line 532
View::render() - CORE\Cake\View\View.php, line 476
Controller::render() - CORE\Cake\Controller\Controller.php, line 955
AppController::render() - APP\Controller\AppController.php, line 280
ExceptionRenderer::_outputMessage() - CORE\Cake\Error\ExceptionRenderer.php, line 273
ExceptionRenderer::error400() - CORE\Cake\Error\ExceptionRenderer.php, line 219
ExceptionRenderer::render() - CORE\Cake\Error\ExceptionRenderer.php, line 175
ErrorHandler::handleException() - CORE\Cake\Error\ErrorHandler.php, line 126
[main] - [internal], line ??

2013-05-03 11:55:20 Debug: Notice (8): Undefined variable: arrData in [E:\workspace\croogo150\app\View\Themed\locson\Elements\scroll_top.ctp, line 26]
Trace:
include - APP\View\Themed\locson\Elements\scroll_top.ctp, line 26
View::_evaluate() - CORE\Cake\View\View.php, line 945
View::_render() - CORE\Cake\View\View.php, line 907
View::_renderElement() - CORE\Cake\View\View.php, line 1207
View::element() - CORE\Cake\View\View.php, line 413
include - APP\View\Themed\locson\Layouts\default.ctp, line 59
View::_evaluate() - CORE\Cake\View\View.php, line 945
View::_render() - CORE\Cake\View\View.php, line 907
View::renderLayout() - CORE\Cake\View\View.php, line 532
View::render() - CORE\Cake\View\View.php, line 476
Controller::render() - CORE\Cake\Controller\Controller.php, line 955
AppController::render() - APP\Controller\AppController.php, line 280
ExceptionRenderer::_outputMessage() - CORE\Cake\Error\ExceptionRenderer.php, line 273
ExceptionRenderer::error400() - CORE\Cake\Error\ExceptionRenderer.php, line 219
ExceptionRenderer::render() - CORE\Cake\Error\ExceptionRenderer.php, line 175
ErrorHandler::handleException() - CORE\Cake\Error\ErrorHandler.php, line 126
[main] - [internal], line ??

2013-05-03 11:55:23 Debug: Notice (8): Undefined variable: arrData in [E:\workspace\croogo150\app\View\Themed\locson\Elements\scroll_top.ctp, line 26]
Trace:
include - APP\View\Themed\locson\Elements\scroll_top.ctp, line 26
View::_evaluate() - CORE\Cake\View\View.php, line 945
View::_render() - CORE\Cake\View\View.php, line 907
View::_renderElement() - CORE\Cake\View\View.php, line 1207
View::element() - CORE\Cake\View\View.php, line 413
include - APP\View\Themed\locson\Layouts\default.ctp, line 59
View::_evaluate() - CORE\Cake\View\View.php, line 945
View::_render() - CORE\Cake\View\View.php, line 907
View::renderLayout() - CORE\Cake\View\View.php, line 532
View::render() - CORE\Cake\View\View.php, line 476
Controller::render() - CORE\Cake\Controller\Controller.php, line 955
AppController::render() - APP\Controller\AppController.php, line 280
ExceptionRenderer::_outputMessage() - CORE\Cake\Error\ExceptionRenderer.php, line 273
ExceptionRenderer::error400() - CORE\Cake\Error\ExceptionRenderer.php, line 219
ExceptionRenderer::render() - CORE\Cake\Error\ExceptionRenderer.php, line 175
ErrorHandler::handleException() - CORE\Cake\Error\ErrorHandler.php, line 126
[main] - [internal], line ??

2013-05-03 11:55:23 Debug: Notice (8): Undefined variable: arrData in [E:\workspace\croogo150\app\View\Themed\locson\Elements\scroll_top.ctp, line 26]
Trace:
include - APP\View\Themed\locson\Elements\scroll_top.ctp, line 26
View::_evaluate() - CORE\Cake\View\View.php, line 945
View::_render() - CORE\Cake\View\View.php, line 907
View::_renderElement() - CORE\Cake\View\View.php, line 1207
View::element() - CORE\Cake\View\View.php, line 413
include - APP\View\Themed\locson\Layouts\default.ctp, line 59
View::_evaluate() - CORE\Cake\View\View.php, line 945
View::_render() - CORE\Cake\View\View.php, line 907
View::renderLayout() - CORE\Cake\View\View.php, line 532
View::render() - CORE\Cake\View\View.php, line 476
Controller::render() - CORE\Cake\Controller\Controller.php, line 955
AppController::render() - APP\Controller\AppController.php, line 280
ExceptionRenderer::_outputMessage() - CORE\Cake\Error\ExceptionRenderer.php, line 273
ExceptionRenderer::error400() - CORE\Cake\Error\ExceptionRenderer.php, line 219
ExceptionRenderer::render() - CORE\Cake\Error\ExceptionRenderer.php, line 175
ErrorHandler::handleException() - CORE\Cake\Error\ErrorHandler.php, line 126
[main] - [internal], line ??

2013-05-03 11:55:26 Debug: Notice (8): Undefined variable: arrData in [E:\workspace\croogo150\app\View\Themed\locson\Elements\scroll_top.ctp, line 26]
Trace:
include - APP\View\Themed\locson\Elements\scroll_top.ctp, line 26
View::_evaluate() - CORE\Cake\View\View.php, line 945
View::_render() - CORE\Cake\View\View.php, line 907
View::_renderElement() - CORE\Cake\View\View.php, line 1207
View::element() - CORE\Cake\View\View.php, line 413
include - APP\View\Themed\locson\Layouts\default.ctp, line 59
View::_evaluate() - CORE\Cake\View\View.php, line 945
View::_render() - CORE\Cake\View\View.php, line 907
View::renderLayout() - CORE\Cake\View\View.php, line 532
View::render() - CORE\Cake\View\View.php, line 476
Controller::render() - CORE\Cake\Controller\Controller.php, line 955
AppController::render() - APP\Controller\AppController.php, line 280
ExceptionRenderer::_outputMessage() - CORE\Cake\Error\ExceptionRenderer.php, line 273
ExceptionRenderer::error400() - CORE\Cake\Error\ExceptionRenderer.php, line 219
ExceptionRenderer::render() - CORE\Cake\Error\ExceptionRenderer.php, line 175
ErrorHandler::handleException() - CORE\Cake\Error\ErrorHandler.php, line 126
[main] - [internal], line ??

2013-05-03 11:55:26 Debug: Notice (8): Undefined variable: arrData in [E:\workspace\croogo150\app\View\Themed\locson\Elements\scroll_top.ctp, line 26]
Trace:
include - APP\View\Themed\locson\Elements\scroll_top.ctp, line 26
View::_evaluate() - CORE\Cake\View\View.php, line 945
View::_render() - CORE\Cake\View\View.php, line 907
View::_renderElement() - CORE\Cake\View\View.php, line 1207
View::element() - CORE\Cake\View\View.php, line 413
include - APP\View\Themed\locson\Layouts\default.ctp, line 59
View::_evaluate() - CORE\Cake\View\View.php, line 945
View::_render() - CORE\Cake\View\View.php, line 907
View::renderLayout() - CORE\Cake\View\View.php, line 532
View::render() - CORE\Cake\View\View.php, line 476
Controller::render() - CORE\Cake\Controller\Controller.php, line 955
AppController::render() - APP\Controller\AppController.php, line 280
ExceptionRenderer::_outputMessage() - CORE\Cake\Error\ExceptionRenderer.php, line 273
ExceptionRenderer::error400() - CORE\Cake\Error\ExceptionRenderer.php, line 219
ExceptionRenderer::render() - CORE\Cake\Error\ExceptionRenderer.php, line 175
ErrorHandler::handleException() - CORE\Cake\Error\ErrorHandler.php, line 126
[main] - [internal], line ??

2013-05-03 14:20:56 Debug: Notice (8): Undefined variable: value in [E:\workspace\croogo150\app\View\Themed\locson\Elements\support.ctp, line 20]
Trace:
include - APP\View\Themed\locson\Elements\support.ctp, line 20
View::_evaluate() - CORE\Cake\View\View.php, line 945
View::_render() - CORE\Cake\View\View.php, line 907
View::_renderElement() - CORE\Cake\View\View.php, line 1207
View::element() - CORE\Cake\View\View.php, line 413
include - APP\View\Themed\locson\Layouts\default.ctp, line 103
View::_evaluate() - CORE\Cake\View\View.php, line 945
View::_render() - CORE\Cake\View\View.php, line 907
View::renderLayout() - CORE\Cake\View\View.php, line 532
View::render() - CORE\Cake\View\View.php, line 476
Controller::render() - CORE\Cake\Controller\Controller.php, line 955
AppController::render() - APP\Controller\AppController.php, line 278
Dispatcher::_invoke() - CORE\Cake\Routing\Dispatcher.php, line 193
Dispatcher::dispatch() - CORE\Cake\Routing\Dispatcher.php, line 161
[main] - APP\webroot\index.php, line 96

2013-05-03 14:20:56 Debug: Notice (8): Undefined variable: value in [E:\workspace\croogo150\app\View\Themed\locson\Elements\support.ctp, line 20]
Trace:
include - APP\View\Themed\locson\Elements\support.ctp, line 20
View::_evaluate() - CORE\Cake\View\View.php, line 945
View::_render() - CORE\Cake\View\View.php, line 907
View::_renderElement() - CORE\Cake\View\View.php, line 1207
View::element() - CORE\Cake\View\View.php, line 413
include - APP\View\Themed\locson\Layouts\default.ctp, line 103
View::_evaluate() - CORE\Cake\View\View.php, line 945
View::_render() - CORE\Cake\View\View.php, line 907
View::renderLayout() - CORE\Cake\View\View.php, line 532
View::render() - CORE\Cake\View\View.php, line 476
Controller::render() - CORE\Cake\Controller\Controller.php, line 955
AppController::render() - APP\Controller\AppController.php, line 278
Dispatcher::_invoke() - CORE\Cake\Routing\Dispatcher.php, line 193
Dispatcher::dispatch() - CORE\Cake\Routing\Dispatcher.php, line 161
[main] - APP\webroot\index.php, line 96

2013-05-03 14:20:56 Debug: Notice (8): Undefined variable: value in [E:\workspace\croogo150\app\View\Themed\locson\Elements\support.ctp, line 20]
Trace:
include - APP\View\Themed\locson\Elements\support.ctp, line 20
View::_evaluate() - CORE\Cake\View\View.php, line 945
View::_render() - CORE\Cake\View\View.php, line 907
View::_renderElement() - CORE\Cake\View\View.php, line 1207
View::element() - CORE\Cake\View\View.php, line 413
include - APP\View\Themed\locson\Layouts\default.ctp, line 103
View::_evaluate() - CORE\Cake\View\View.php, line 945
View::_render() - CORE\Cake\View\View.php, line 907
View::renderLayout() - CORE\Cake\View\View.php, line 532
View::render() - CORE\Cake\View\View.php, line 476
Controller::render() - CORE\Cake\Controller\Controller.php, line 955
AppController::render() - APP\Controller\AppController.php, line 278
Dispatcher::_invoke() - CORE\Cake\Routing\Dispatcher.php, line 193
Dispatcher::dispatch() - CORE\Cake\Routing\Dispatcher.php, line 161
[main] - APP\webroot\index.php, line 96

2013-05-03 14:20:56 Debug: Notice (8): Undefined variable: value in [E:\workspace\croogo150\app\View\Themed\locson\Elements\support.ctp, line 20]
Trace:
include - APP\View\Themed\locson\Elements\support.ctp, line 20
View::_evaluate() - CORE\Cake\View\View.php, line 945
View::_render() - CORE\Cake\View\View.php, line 907
View::_renderElement() - CORE\Cake\View\View.php, line 1207
View::element() - CORE\Cake\View\View.php, line 413
include - APP\View\Themed\locson\Layouts\default.ctp, line 103
View::_evaluate() - CORE\Cake\View\View.php, line 945
View::_render() - CORE\Cake\View\View.php, line 907
View::renderLayout() - CORE\Cake\View\View.php, line 532
View::render() - CORE\Cake\View\View.php, line 476
Controller::render() - CORE\Cake\Controller\Controller.php, line 955
AppController::render() - APP\Controller\AppController.php, line 278
Dispatcher::_invoke() - CORE\Cake\Routing\Dispatcher.php, line 193
Dispatcher::dispatch() - CORE\Cake\Routing\Dispatcher.php, line 161
[main] - APP\webroot\index.php, line 96

2013-05-03 14:20:56 Debug: Notice (8): Undefined variable: value in [E:\workspace\croogo150\app\View\Themed\locson\Elements\support.ctp, line 20]
Trace:
include - APP\View\Themed\locson\Elements\support.ctp, line 20
View::_evaluate() - CORE\Cake\View\View.php, line 945
View::_render() - CORE\Cake\View\View.php, line 907
View::_renderElement() - CORE\Cake\View\View.php, line 1207
View::element() - CORE\Cake\View\View.php, line 413
include - APP\View\Themed\locson\Layouts\default.ctp, line 103
View::_evaluate() - CORE\Cake\View\View.php, line 945
View::_render() - CORE\Cake\View\View.php, line 907
View::renderLayout() - CORE\Cake\View\View.php, line 532
View::render() - CORE\Cake\View\View.php, line 476
Controller::render() - CORE\Cake\Controller\Controller.php, line 955
AppController::render() - APP\Controller\AppController.php, line 278
Dispatcher::_invoke() - CORE\Cake\Routing\Dispatcher.php, line 193
Dispatcher::dispatch() - CORE\Cake\Routing\Dispatcher.php, line 161
[main] - APP\webroot\index.php, line 96

2013-05-03 14:20:56 Debug: Notice (8): Undefined variable: value in [E:\workspace\croogo150\app\View\Themed\locson\Elements\support.ctp, line 20]
Trace:
include - APP\View\Themed\locson\Elements\support.ctp, line 20
View::_evaluate() - CORE\Cake\View\View.php, line 945
View::_render() - CORE\Cake\View\View.php, line 907
View::_renderElement() - CORE\Cake\View\View.php, line 1207
View::element() - CORE\Cake\View\View.php, line 413
include - APP\View\Themed\locson\Layouts\default.ctp, line 103
View::_evaluate() - CORE\Cake\View\View.php, line 945
View::_render() - CORE\Cake\View\View.php, line 907
View::renderLayout() - CORE\Cake\View\View.php, line 532
View::render() - CORE\Cake\View\View.php, line 476
Controller::render() - CORE\Cake\Controller\Controller.php, line 955
AppController::render() - APP\Controller\AppController.php, line 278
Dispatcher::_invoke() - CORE\Cake\Routing\Dispatcher.php, line 193
Dispatcher::dispatch() - CORE\Cake\Routing\Dispatcher.php, line 161
[main] - APP\webroot\index.php, line 96

2013-05-03 14:20:56 Debug: Notice (8): Undefined variable: value in [E:\workspace\croogo150\app\View\Themed\locson\Elements\support.ctp, line 20]
Trace:
include - APP\View\Themed\locson\Elements\support.ctp, line 20
View::_evaluate() - CORE\Cake\View\View.php, line 945
View::_render() - CORE\Cake\View\View.php, line 907
View::_renderElement() - CORE\Cake\View\View.php, line 1207
View::element() - CORE\Cake\View\View.php, line 413
include - APP\View\Themed\locson\Layouts\default.ctp, line 103
View::_evaluate() - CORE\Cake\View\View.php, line 945
View::_render() - CORE\Cake\View\View.php, line 907
View::renderLayout() - CORE\Cake\View\View.php, line 532
View::render() - CORE\Cake\View\View.php, line 476
Controller::render() - CORE\Cake\Controller\Controller.php, line 955
AppController::render() - APP\Controller\AppController.php, line 278
Dispatcher::_invoke() - CORE\Cake\Routing\Dispatcher.php, line 193
Dispatcher::dispatch() - CORE\Cake\Routing\Dispatcher.php, line 161
[main] - APP\webroot\index.php, line 96

2013-05-03 14:20:56 Debug: Notice (8): Undefined variable: value in [E:\workspace\croogo150\app\View\Themed\locson\Elements\support.ctp, line 20]
Trace:
include - APP\View\Themed\locson\Elements\support.ctp, line 20
View::_evaluate() - CORE\Cake\View\View.php, line 945
View::_render() - CORE\Cake\View\View.php, line 907
View::_renderElement() - CORE\Cake\View\View.php, line 1207
View::element() - CORE\Cake\View\View.php, line 413
include - APP\View\Themed\locson\Layouts\default.ctp, line 103
View::_evaluate() - CORE\Cake\View\View.php, line 945
View::_render() - CORE\Cake\View\View.php, line 907
View::renderLayout() - CORE\Cake\View\View.php, line 532
View::render() - CORE\Cake\View\View.php, line 476
Controller::render() - CORE\Cake\Controller\Controller.php, line 955
AppController::render() - APP\Controller\AppController.php, line 278
Dispatcher::_invoke() - CORE\Cake\Routing\Dispatcher.php, line 193
Dispatcher::dispatch() - CORE\Cake\Routing\Dispatcher.php, line 161
[main] - APP\webroot\index.php, line 96

2013-05-03 14:21:08 Debug: Notice (8): Undefined variable: value in [E:\workspace\croogo150\app\View\Themed\locson\Elements\support.ctp, line 20]
Trace:
include - APP\View\Themed\locson\Elements\support.ctp, line 20
View::_evaluate() - CORE\Cake\View\View.php, line 945
View::_render() - CORE\Cake\View\View.php, line 907
View::_renderElement() - CORE\Cake\View\View.php, line 1207
View::element() - CORE\Cake\View\View.php, line 413
include - APP\View\Themed\locson\Layouts\default.ctp, line 103
View::_evaluate() - CORE\Cake\View\View.php, line 945
View::_render() - CORE\Cake\View\View.php, line 907
View::renderLayout() - CORE\Cake\View\View.php, line 532
View::render() - CORE\Cake\View\View.php, line 476
Controller::render() - CORE\Cake\Controller\Controller.php, line 955
AppController::render() - APP\Controller\AppController.php, line 278
Dispatcher::_invoke() - CORE\Cake\Routing\Dispatcher.php, line 193
Dispatcher::dispatch() - CORE\Cake\Routing\Dispatcher.php, line 161
[main] - APP\webroot\index.php, line 96

2013-05-03 14:21:08 Debug: Notice (8): Undefined variable: value in [E:\workspace\croogo150\app\View\Themed\locson\Elements\support.ctp, line 20]
Trace:
include - APP\View\Themed\locson\Elements\support.ctp, line 20
View::_evaluate() - CORE\Cake\View\View.php, line 945
View::_render() - CORE\Cake\View\View.php, line 907
View::_renderElement() - CORE\Cake\View\View.php, line 1207
View::element() - CORE\Cake\View\View.php, line 413
include - APP\View\Themed\locson\Layouts\default.ctp, line 103
View::_evaluate() - CORE\Cake\View\View.php, line 945
View::_render() - CORE\Cake\View\View.php, line 907
View::renderLayout() - CORE\Cake\View\View.php, line 532
View::render() - CORE\Cake\View\View.php, line 476
Controller::render() - CORE\Cake\Controller\Controller.php, line 955
AppController::render() - APP\Controller\AppController.php, line 278
Dispatcher::_invoke() - CORE\Cake\Routing\Dispatcher.php, line 193
Dispatcher::dispatch() - CORE\Cake\Routing\Dispatcher.php, line 161
[main] - APP\webroot\index.php, line 96

2013-05-03 14:21:08 Debug: Notice (8): Undefined variable: value in [E:\workspace\croogo150\app\View\Themed\locson\Elements\support.ctp, line 20]
Trace:
include - APP\View\Themed\locson\Elements\support.ctp, line 20
View::_evaluate() - CORE\Cake\View\View.php, line 945
View::_render() - CORE\Cake\View\View.php, line 907
View::_renderElement() - CORE\Cake\View\View.php, line 1207
View::element() - CORE\Cake\View\View.php, line 413
include - APP\View\Themed\locson\Layouts\default.ctp, line 103
View::_evaluate() - CORE\Cake\View\View.php, line 945
View::_render() - CORE\Cake\View\View.php, line 907
View::renderLayout() - CORE\Cake\View\View.php, line 532
View::render() - CORE\Cake\View\View.php, line 476
Controller::render() - CORE\Cake\Controller\Controller.php, line 955
AppController::render() - APP\Controller\AppController.php, line 278
Dispatcher::_invoke() - CORE\Cake\Routing\Dispatcher.php, line 193
Dispatcher::dispatch() - CORE\Cake\Routing\Dispatcher.php, line 161
[main] - APP\webroot\index.php, line 96

2013-05-03 14:21:08 Debug: Notice (8): Undefined variable: value in [E:\workspace\croogo150\app\View\Themed\locson\Elements\support.ctp, line 20]
Trace:
include - APP\View\Themed\locson\Elements\support.ctp, line 20
View::_evaluate() - CORE\Cake\View\View.php, line 945
View::_render() - CORE\Cake\View\View.php, line 907
View::_renderElement() - CORE\Cake\View\View.php, line 1207
View::element() - CORE\Cake\View\View.php, line 413
include - APP\View\Themed\locson\Layouts\default.ctp, line 103
View::_evaluate() - CORE\Cake\View\View.php, line 945
View::_render() - CORE\Cake\View\View.php, line 907
View::renderLayout() - CORE\Cake\View\View.php, line 532
View::render() - CORE\Cake\View\View.php, line 476
Controller::render() - CORE\Cake\Controller\Controller.php, line 955
AppController::render() - APP\Controller\AppController.php, line 278
Dispatcher::_invoke() - CORE\Cake\Routing\Dispatcher.php, line 193
Dispatcher::dispatch() - CORE\Cake\Routing\Dispatcher.php, line 161
[main] - APP\webroot\index.php, line 96

2013-05-03 14:21:08 Debug: Notice (8): Undefined variable: value in [E:\workspace\croogo150\app\View\Themed\locson\Elements\support.ctp, line 20]
Trace:
include - APP\View\Themed\locson\Elements\support.ctp, line 20
View::_evaluate() - CORE\Cake\View\View.php, line 945
View::_render() - CORE\Cake\View\View.php, line 907
View::_renderElement() - CORE\Cake\View\View.php, line 1207
View::element() - CORE\Cake\View\View.php, line 413
include - APP\View\Themed\locson\Layouts\default.ctp, line 103
View::_evaluate() - CORE\Cake\View\View.php, line 945
View::_render() - CORE\Cake\View\View.php, line 907
View::renderLayout() - CORE\Cake\View\View.php, line 532
View::render() - CORE\Cake\View\View.php, line 476
Controller::render() - CORE\Cake\Controller\Controller.php, line 955
AppController::render() - APP\Controller\AppController.php, line 278
Dispatcher::_invoke() - CORE\Cake\Routing\Dispatcher.php, line 193
Dispatcher::dispatch() - CORE\Cake\Routing\Dispatcher.php, line 161
[main] - APP\webroot\index.php, line 96

2013-05-03 14:21:08 Debug: Notice (8): Undefined variable: value in [E:\workspace\croogo150\app\View\Themed\locson\Elements\support.ctp, line 20]
Trace:
include - APP\View\Themed\locson\Elements\support.ctp, line 20
View::_evaluate() - CORE\Cake\View\View.php, line 945
View::_render() - CORE\Cake\View\View.php, line 907
View::_renderElement() - CORE\Cake\View\View.php, line 1207
View::element() - CORE\Cake\View\View.php, line 413
include - APP\View\Themed\locson\Layouts\default.ctp, line 103
View::_evaluate() - CORE\Cake\View\View.php, line 945
View::_render() - CORE\Cake\View\View.php, line 907
View::renderLayout() - CORE\Cake\View\View.php, line 532
View::render() - CORE\Cake\View\View.php, line 476
Controller::render() - CORE\Cake\Controller\Controller.php, line 955
AppController::render() - APP\Controller\AppController.php, line 278
Dispatcher::_invoke() - CORE\Cake\Routing\Dispatcher.php, line 193
Dispatcher::dispatch() - CORE\Cake\Routing\Dispatcher.php, line 161
[main] - APP\webroot\index.php, line 96

2013-05-03 14:21:08 Debug: Notice (8): Undefined variable: value in [E:\workspace\croogo150\app\View\Themed\locson\Elements\support.ctp, line 20]
Trace:
include - APP\View\Themed\locson\Elements\support.ctp, line 20
View::_evaluate() - CORE\Cake\View\View.php, line 945
View::_render() - CORE\Cake\View\View.php, line 907
View::_renderElement() - CORE\Cake\View\View.php, line 1207
View::element() - CORE\Cake\View\View.php, line 413
include - APP\View\Themed\locson\Layouts\default.ctp, line 103
View::_evaluate() - CORE\Cake\View\View.php, line 945
View::_render() - CORE\Cake\View\View.php, line 907
View::renderLayout() - CORE\Cake\View\View.php, line 532
View::render() - CORE\Cake\View\View.php, line 476
Controller::render() - CORE\Cake\Controller\Controller.php, line 955
AppController::render() - APP\Controller\AppController.php, line 278
Dispatcher::_invoke() - CORE\Cake\Routing\Dispatcher.php, line 193
Dispatcher::dispatch() - CORE\Cake\Routing\Dispatcher.php, line 161
[main] - APP\webroot\index.php, line 96

2013-05-03 14:21:08 Debug: Notice (8): Undefined variable: value in [E:\workspace\croogo150\app\View\Themed\locson\Elements\support.ctp, line 20]
Trace:
include - APP\View\Themed\locson\Elements\support.ctp, line 20
View::_evaluate() - CORE\Cake\View\View.php, line 945
View::_render() - CORE\Cake\View\View.php, line 907
View::_renderElement() - CORE\Cake\View\View.php, line 1207
View::element() - CORE\Cake\View\View.php, line 413
include - APP\View\Themed\locson\Layouts\default.ctp, line 103
View::_evaluate() - CORE\Cake\View\View.php, line 945
View::_render() - CORE\Cake\View\View.php, line 907
View::renderLayout() - CORE\Cake\View\View.php, line 532
View::render() - CORE\Cake\View\View.php, line 476
Controller::render() - CORE\Cake\Controller\Controller.php, line 955
AppController::render() - APP\Controller\AppController.php, line 278
Dispatcher::_invoke() - CORE\Cake\Routing\Dispatcher.php, line 193
Dispatcher::dispatch() - CORE\Cake\Routing\Dispatcher.php, line 161
[main] - APP\webroot\index.php, line 96

2013-05-03 14:21:38 Debug: Notice (8): Undefined index: id in [E:\workspace\croogo150\app\View\Themed\locson\Elements\support.ctp, line 20]
Trace:
include - APP\View\Themed\locson\Elements\support.ctp, line 20
View::_evaluate() - CORE\Cake\View\View.php, line 945
View::_render() - CORE\Cake\View\View.php, line 907
View::_renderElement() - CORE\Cake\View\View.php, line 1207
View::element() - CORE\Cake\View\View.php, line 413
include - APP\View\Themed\locson\Layouts\default.ctp, line 103
View::_evaluate() - CORE\Cake\View\View.php, line 945
View::_render() - CORE\Cake\View\View.php, line 907
View::renderLayout() - CORE\Cake\View\View.php, line 532
View::render() - CORE\Cake\View\View.php, line 476
Controller::render() - CORE\Cake\Controller\Controller.php, line 955
AppController::render() - APP\Controller\AppController.php, line 278
Dispatcher::_invoke() - CORE\Cake\Routing\Dispatcher.php, line 193
Dispatcher::dispatch() - CORE\Cake\Routing\Dispatcher.php, line 161
[main] - APP\webroot\index.php, line 96

2013-05-03 14:21:38 Debug: Notice (8): Undefined index: id in [E:\workspace\croogo150\app\View\Themed\locson\Elements\support.ctp, line 20]
Trace:
include - APP\View\Themed\locson\Elements\support.ctp, line 20
View::_evaluate() - CORE\Cake\View\View.php, line 945
View::_render() - CORE\Cake\View\View.php, line 907
View::_renderElement() - CORE\Cake\View\View.php, line 1207
View::element() - CORE\Cake\View\View.php, line 413
include - APP\View\Themed\locson\Layouts\default.ctp, line 103
View::_evaluate() - CORE\Cake\View\View.php, line 945
View::_render() - CORE\Cake\View\View.php, line 907
View::renderLayout() - CORE\Cake\View\View.php, line 532
View::render() - CORE\Cake\View\View.php, line 476
Controller::render() - CORE\Cake\Controller\Controller.php, line 955
AppController::render() - APP\Controller\AppController.php, line 278
Dispatcher::_invoke() - CORE\Cake\Routing\Dispatcher.php, line 193
Dispatcher::dispatch() - CORE\Cake\Routing\Dispatcher.php, line 161
[main] - APP\webroot\index.php, line 96

2013-05-03 14:21:38 Debug: Notice (8): Undefined index: id in [E:\workspace\croogo150\app\View\Themed\locson\Elements\support.ctp, line 20]
Trace:
include - APP\View\Themed\locson\Elements\support.ctp, line 20
View::_evaluate() - CORE\Cake\View\View.php, line 945
View::_render() - CORE\Cake\View\View.php, line 907
View::_renderElement() - CORE\Cake\View\View.php, line 1207
View::element() - CORE\Cake\View\View.php, line 413
include - APP\View\Themed\locson\Layouts\default.ctp, line 103
View::_evaluate() - CORE\Cake\View\View.php, line 945
View::_render() - CORE\Cake\View\View.php, line 907
View::renderLayout() - CORE\Cake\View\View.php, line 532
View::render() - CORE\Cake\View\View.php, line 476
Controller::render() - CORE\Cake\Controller\Controller.php, line 955
AppController::render() - APP\Controller\AppController.php, line 278
Dispatcher::_invoke() - CORE\Cake\Routing\Dispatcher.php, line 193
Dispatcher::dispatch() - CORE\Cake\Routing\Dispatcher.php, line 161
[main] - APP\webroot\index.php, line 96

2013-05-03 14:21:38 Debug: Notice (8): Undefined index: id in [E:\workspace\croogo150\app\View\Themed\locson\Elements\support.ctp, line 20]
Trace:
include - APP\View\Themed\locson\Elements\support.ctp, line 20
View::_evaluate() - CORE\Cake\View\View.php, line 945
View::_render() - CORE\Cake\View\View.php, line 907
View::_renderElement() - CORE\Cake\View\View.php, line 1207
View::element() - CORE\Cake\View\View.php, line 413
include - APP\View\Themed\locson\Layouts\default.ctp, line 103
View::_evaluate() - CORE\Cake\View\View.php, line 945
View::_render() - CORE\Cake\View\View.php, line 907
View::renderLayout() - CORE\Cake\View\View.php, line 532
View::render() - CORE\Cake\View\View.php, line 476
Controller::render() - CORE\Cake\Controller\Controller.php, line 955
AppController::render() - APP\Controller\AppController.php, line 278
Dispatcher::_invoke() - CORE\Cake\Routing\Dispatcher.php, line 193
Dispatcher::dispatch() - CORE\Cake\Routing\Dispatcher.php, line 161
[main] - APP\webroot\index.php, line 96

2013-05-03 14:21:38 Debug: Notice (8): Undefined index: id in [E:\workspace\croogo150\app\View\Themed\locson\Elements\support.ctp, line 20]
Trace:
include - APP\View\Themed\locson\Elements\support.ctp, line 20
View::_evaluate() - CORE\Cake\View\View.php, line 945
View::_render() - CORE\Cake\View\View.php, line 907
View::_renderElement() - CORE\Cake\View\View.php, line 1207
View::element() - CORE\Cake\View\View.php, line 413
include - APP\View\Themed\locson\Layouts\default.ctp, line 103
View::_evaluate() - CORE\Cake\View\View.php, line 945
View::_render() - CORE\Cake\View\View.php, line 907
View::renderLayout() - CORE\Cake\View\View.php, line 532
View::render() - CORE\Cake\View\View.php, line 476
Controller::render() - CORE\Cake\Controller\Controller.php, line 955
AppController::render() - APP\Controller\AppController.php, line 278
Dispatcher::_invoke() - CORE\Cake\Routing\Dispatcher.php, line 193
Dispatcher::dispatch() - CORE\Cake\Routing\Dispatcher.php, line 161
[main] - APP\webroot\index.php, line 96

2013-05-03 14:21:38 Debug: Notice (8): Undefined index: id in [E:\workspace\croogo150\app\View\Themed\locson\Elements\support.ctp, line 20]
Trace:
include - APP\View\Themed\locson\Elements\support.ctp, line 20
View::_evaluate() - CORE\Cake\View\View.php, line 945
View::_render() - CORE\Cake\View\View.php, line 907
View::_renderElement() - CORE\Cake\View\View.php, line 1207
View::element() - CORE\Cake\View\View.php, line 413
include - APP\View\Themed\locson\Layouts\default.ctp, line 103
View::_evaluate() - CORE\Cake\View\View.php, line 945
View::_render() - CORE\Cake\View\View.php, line 907
View::renderLayout() - CORE\Cake\View\View.php, line 532
View::render() - CORE\Cake\View\View.php, line 476
Controller::render() - CORE\Cake\Controller\Controller.php, line 955
AppController::render() - APP\Controller\AppController.php, line 278
Dispatcher::_invoke() - CORE\Cake\Routing\Dispatcher.php, line 193
Dispatcher::dispatch() - CORE\Cake\Routing\Dispatcher.php, line 161
[main] - APP\webroot\index.php, line 96

2013-05-03 14:21:38 Debug: Notice (8): Undefined index: id in [E:\workspace\croogo150\app\View\Themed\locson\Elements\support.ctp, line 20]
Trace:
include - APP\View\Themed\locson\Elements\support.ctp, line 20
View::_evaluate() - CORE\Cake\View\View.php, line 945
View::_render() - CORE\Cake\View\View.php, line 907
View::_renderElement() - CORE\Cake\View\View.php, line 1207
View::element() - CORE\Cake\View\View.php, line 413
include - APP\View\Themed\locson\Layouts\default.ctp, line 103
View::_evaluate() - CORE\Cake\View\View.php, line 945
View::_render() - CORE\Cake\View\View.php, line 907
View::renderLayout() - CORE\Cake\View\View.php, line 532
View::render() - CORE\Cake\View\View.php, line 476
Controller::render() - CORE\Cake\Controller\Controller.php, line 955
AppController::render() - APP\Controller\AppController.php, line 278
Dispatcher::_invoke() - CORE\Cake\Routing\Dispatcher.php, line 193
Dispatcher::dispatch() - CORE\Cake\Routing\Dispatcher.php, line 161
[main] - APP\webroot\index.php, line 96

2013-05-03 14:21:38 Debug: Notice (8): Undefined index: id in [E:\workspace\croogo150\app\View\Themed\locson\Elements\support.ctp, line 20]
Trace:
include - APP\View\Themed\locson\Elements\support.ctp, line 20
View::_evaluate() - CORE\Cake\View\View.php, line 945
View::_render() - CORE\Cake\View\View.php, line 907
View::_renderElement() - CORE\Cake\View\View.php, line 1207
View::element() - CORE\Cake\View\View.php, line 413
include - APP\View\Themed\locson\Layouts\default.ctp, line 103
View::_evaluate() - CORE\Cake\View\View.php, line 945
View::_render() - CORE\Cake\View\View.php, line 907
View::renderLayout() - CORE\Cake\View\View.php, line 532
View::render() - CORE\Cake\View\View.php, line 476
Controller::render() - CORE\Cake\Controller\Controller.php, line 955
AppController::render() - APP\Controller\AppController.php, line 278
Dispatcher::_invoke() - CORE\Cake\Routing\Dispatcher.php, line 193
Dispatcher::dispatch() - CORE\Cake\Routing\Dispatcher.php, line 161
[main] - APP\webroot\index.php, line 96

2013-05-03 14:22:06 Debug: Notice (8): Undefined index: id in [E:\workspace\croogo150\app\View\Themed\locson\Elements\support.ctp, line 20]
Trace:
include - APP\View\Themed\locson\Elements\support.ctp, line 20
View::_evaluate() - CORE\Cake\View\View.php, line 945
View::_render() - CORE\Cake\View\View.php, line 907
View::_renderElement() - CORE\Cake\View\View.php, line 1207
View::element() - CORE\Cake\View\View.php, line 413
include - APP\View\Themed\locson\Layouts\default.ctp, line 103
View::_evaluate() - CORE\Cake\View\View.php, line 945
View::_render() - CORE\Cake\View\View.php, line 907
View::renderLayout() - CORE\Cake\View\View.php, line 532
View::render() - CORE\Cake\View\View.php, line 476
Controller::render() - CORE\Cake\Controller\Controller.php, line 955
AppController::render() - APP\Controller\AppController.php, line 278
Dispatcher::_invoke() - CORE\Cake\Routing\Dispatcher.php, line 193
Dispatcher::dispatch() - CORE\Cake\Routing\Dispatcher.php, line 161
[main] - APP\webroot\index.php, line 96

2013-05-03 14:22:06 Debug: Notice (8): Undefined index: id in [E:\workspace\croogo150\app\View\Themed\locson\Elements\support.ctp, line 20]
Trace:
include - APP\View\Themed\locson\Elements\support.ctp, line 20
View::_evaluate() - CORE\Cake\View\View.php, line 945
View::_render() - CORE\Cake\View\View.php, line 907
View::_renderElement() - CORE\Cake\View\View.php, line 1207
View::element() - CORE\Cake\View\View.php, line 413
include - APP\View\Themed\locson\Layouts\default.ctp, line 103
View::_evaluate() - CORE\Cake\View\View.php, line 945
View::_render() - CORE\Cake\View\View.php, line 907
View::renderLayout() - CORE\Cake\View\View.php, line 532
View::render() - CORE\Cake\View\View.php, line 476
Controller::render() - CORE\Cake\Controller\Controller.php, line 955
AppController::render() - APP\Controller\AppController.php, line 278
Dispatcher::_invoke() - CORE\Cake\Routing\Dispatcher.php, line 193
Dispatcher::dispatch() - CORE\Cake\Routing\Dispatcher.php, line 161
[main] - APP\webroot\index.php, line 96

2013-05-03 14:22:06 Debug: Notice (8): Undefined index: id in [E:\workspace\croogo150\app\View\Themed\locson\Elements\support.ctp, line 20]
Trace:
include - APP\View\Themed\locson\Elements\support.ctp, line 20
View::_evaluate() - CORE\Cake\View\View.php, line 945
View::_render() - CORE\Cake\View\View.php, line 907
View::_renderElement() - CORE\Cake\View\View.php, line 1207
View::element() - CORE\Cake\View\View.php, line 413
include - APP\View\Themed\locson\Layouts\default.ctp, line 103
View::_evaluate() - CORE\Cake\View\View.php, line 945
View::_render() - CORE\Cake\View\View.php, line 907
View::renderLayout() - CORE\Cake\View\View.php, line 532
View::render() - CORE\Cake\View\View.php, line 476
Controller::render() - CORE\Cake\Controller\Controller.php, line 955
AppController::render() - APP\Controller\AppController.php, line 278
Dispatcher::_invoke() - CORE\Cake\Routing\Dispatcher.php, line 193
Dispatcher::dispatch() - CORE\Cake\Routing\Dispatcher.php, line 161
[main] - APP\webroot\index.php, line 96

2013-05-03 14:22:06 Debug: Notice (8): Undefined index: id in [E:\workspace\croogo150\app\View\Themed\locson\Elements\support.ctp, line 20]
Trace:
include - APP\View\Themed\locson\Elements\support.ctp, line 20
View::_evaluate() - CORE\Cake\View\View.php, line 945
View::_render() - CORE\Cake\View\View.php, line 907
View::_renderElement() - CORE\Cake\View\View.php, line 1207
View::element() - CORE\Cake\View\View.php, line 413
include - APP\View\Themed\locson\Layouts\default.ctp, line 103
View::_evaluate() - CORE\Cake\View\View.php, line 945
View::_render() - CORE\Cake\View\View.php, line 907
View::renderLayout() - CORE\Cake\View\View.php, line 532
View::render() - CORE\Cake\View\View.php, line 476
Controller::render() - CORE\Cake\Controller\Controller.php, line 955
AppController::render() - APP\Controller\AppController.php, line 278
Dispatcher::_invoke() - CORE\Cake\Routing\Dispatcher.php, line 193
Dispatcher::dispatch() - CORE\Cake\Routing\Dispatcher.php, line 161
[main] - APP\webroot\index.php, line 96

2013-05-03 14:22:06 Debug: Notice (8): Undefined index: id in [E:\workspace\croogo150\app\View\Themed\locson\Elements\support.ctp, line 20]
Trace:
include - APP\View\Themed\locson\Elements\support.ctp, line 20
View::_evaluate() - CORE\Cake\View\View.php, line 945
View::_render() - CORE\Cake\View\View.php, line 907
View::_renderElement() - CORE\Cake\View\View.php, line 1207
View::element() - CORE\Cake\View\View.php, line 413
include - APP\View\Themed\locson\Layouts\default.ctp, line 103
View::_evaluate() - CORE\Cake\View\View.php, line 945
View::_render() - CORE\Cake\View\View.php, line 907
View::renderLayout() - CORE\Cake\View\View.php, line 532
View::render() - CORE\Cake\View\View.php, line 476
Controller::render() - CORE\Cake\Controller\Controller.php, line 955
AppController::render() - APP\Controller\AppController.php, line 278
Dispatcher::_invoke() - CORE\Cake\Routing\Dispatcher.php, line 193
Dispatcher::dispatch() - CORE\Cake\Routing\Dispatcher.php, line 161
[main] - APP\webroot\index.php, line 96

2013-05-03 14:22:06 Debug: Notice (8): Undefined index: id in [E:\workspace\croogo150\app\View\Themed\locson\Elements\support.ctp, line 20]
Trace:
include - APP\View\Themed\locson\Elements\support.ctp, line 20
View::_evaluate() - CORE\Cake\View\View.php, line 945
View::_render() - CORE\Cake\View\View.php, line 907
View::_renderElement() - CORE\Cake\View\View.php, line 1207
View::element() - CORE\Cake\View\View.php, line 413
include - APP\View\Themed\locson\Layouts\default.ctp, line 103
View::_evaluate() - CORE\Cake\View\View.php, line 945
View::_render() - CORE\Cake\View\View.php, line 907
View::renderLayout() - CORE\Cake\View\View.php, line 532
View::render() - CORE\Cake\View\View.php, line 476
Controller::render() - CORE\Cake\Controller\Controller.php, line 955
AppController::render() - APP\Controller\AppController.php, line 278
Dispatcher::_invoke() - CORE\Cake\Routing\Dispatcher.php, line 193
Dispatcher::dispatch() - CORE\Cake\Routing\Dispatcher.php, line 161
[main] - APP\webroot\index.php, line 96

2013-05-03 14:22:06 Debug: Notice (8): Undefined index: id in [E:\workspace\croogo150\app\View\Themed\locson\Elements\support.ctp, line 20]
Trace:
include - APP\View\Themed\locson\Elements\support.ctp, line 20
View::_evaluate() - CORE\Cake\View\View.php, line 945
View::_render() - CORE\Cake\View\View.php, line 907
View::_renderElement() - CORE\Cake\View\View.php, line 1207
View::element() - CORE\Cake\View\View.php, line 413
include - APP\View\Themed\locson\Layouts\default.ctp, line 103
View::_evaluate() - CORE\Cake\View\View.php, line 945
View::_render() - CORE\Cake\View\View.php, line 907
View::renderLayout() - CORE\Cake\View\View.php, line 532
View::render() - CORE\Cake\View\View.php, line 476
Controller::render() - CORE\Cake\Controller\Controller.php, line 955
AppController::render() - APP\Controller\AppController.php, line 278
Dispatcher::_invoke() - CORE\Cake\Routing\Dispatcher.php, line 193
Dispatcher::dispatch() - CORE\Cake\Routing\Dispatcher.php, line 161
[main] - APP\webroot\index.php, line 96

2013-05-03 14:22:06 Debug: Notice (8): Undefined index: id in [E:\workspace\croogo150\app\View\Themed\locson\Elements\support.ctp, line 20]
Trace:
include - APP\View\Themed\locson\Elements\support.ctp, line 20
View::_evaluate() - CORE\Cake\View\View.php, line 945
View::_render() - CORE\Cake\View\View.php, line 907
View::_renderElement() - CORE\Cake\View\View.php, line 1207
View::element() - CORE\Cake\View\View.php, line 413
include - APP\View\Themed\locson\Layouts\default.ctp, line 103
View::_evaluate() - CORE\Cake\View\View.php, line 945
View::_render() - CORE\Cake\View\View.php, line 907
View::renderLayout() - CORE\Cake\View\View.php, line 532
View::render() - CORE\Cake\View\View.php, line 476
Controller::render() - CORE\Cake\Controller\Controller.php, line 955
AppController::render() - APP\Controller\AppController.php, line 278
Dispatcher::_invoke() - CORE\Cake\Routing\Dispatcher.php, line 193
Dispatcher::dispatch() - CORE\Cake\Routing\Dispatcher.php, line 161
[main] - APP\webroot\index.php, line 96

2013-05-03 14:26:09 Debug: Notice (8): Undefined variable: data in [E:\workspace\croogo150\app\View\Themed\locson\Elements\support.ctp, line 19]
Trace:
include - APP\View\Themed\locson\Elements\support.ctp, line 19
View::_evaluate() - CORE\Cake\View\View.php, line 945
View::_render() - CORE\Cake\View\View.php, line 907
View::_renderElement() - CORE\Cake\View\View.php, line 1207
View::element() - CORE\Cake\View\View.php, line 413
include - APP\View\Themed\locson\Layouts\default.ctp, line 103
View::_evaluate() - CORE\Cake\View\View.php, line 945
View::_render() - CORE\Cake\View\View.php, line 907
View::renderLayout() - CORE\Cake\View\View.php, line 532
View::render() - CORE\Cake\View\View.php, line 476
Controller::render() - CORE\Cake\Controller\Controller.php, line 955
AppController::render() - APP\Controller\AppController.php, line 278
Dispatcher::_invoke() - CORE\Cake\Routing\Dispatcher.php, line 193
Dispatcher::dispatch() - CORE\Cake\Routing\Dispatcher.php, line 161
[main] - APP\webroot\index.php, line 96

2013-05-03 14:26:09 Debug: Notice (8): Undefined variable: data in [E:\workspace\croogo150\app\View\Themed\locson\Elements\support.ctp, line 19]
Trace:
include - APP\View\Themed\locson\Elements\support.ctp, line 19
View::_evaluate() - CORE\Cake\View\View.php, line 945
View::_render() - CORE\Cake\View\View.php, line 907
View::_renderElement() - CORE\Cake\View\View.php, line 1207
View::element() - CORE\Cake\View\View.php, line 413
include - APP\View\Themed\locson\Layouts\default.ctp, line 103
View::_evaluate() - CORE\Cake\View\View.php, line 945
View::_render() - CORE\Cake\View\View.php, line 907
View::renderLayout() - CORE\Cake\View\View.php, line 532
View::render() - CORE\Cake\View\View.php, line 476
Controller::render() - CORE\Cake\Controller\Controller.php, line 955
AppController::render() - APP\Controller\AppController.php, line 278
Dispatcher::_invoke() - CORE\Cake\Routing\Dispatcher.php, line 193
Dispatcher::dispatch() - CORE\Cake\Routing\Dispatcher.php, line 161
[main] - APP\webroot\index.php, line 96

2013-11-16 02:22:46 Notice: Notice (8): Undefined variable: parentId in [/Users/khoitran/Documents/workspace/locson-project/app/Plugin/News/View/News/view.ctp, line 4]
Trace:
include - APP/Plugin/News/View/News/view.ctp, line 4
View::_evaluate() - CORE/Cake/View/View.php, line 945
View::_render() - CORE/Cake/View/View.php, line 907
View::render() - CORE/Cake/View/View.php, line 468
Controller::render() - CORE/Cake/Controller/Controller.php, line 955
AppController::render() - APP/Controller/AppController.php, line 278
Dispatcher::_invoke() - CORE/Cake/Routing/Dispatcher.php, line 193
Dispatcher::dispatch() - CORE/Cake/Routing/Dispatcher.php, line 161
[main] - APP/webroot/index.php, line 96

2013-11-16 02:22:46 Notice: Notice (8): Undefined variable: parentId in [/Users/khoitran/Documents/workspace/locson-project/app/Plugin/News/View/News/view.ctp, line 4]
Trace:
include - APP/Plugin/News/View/News/view.ctp, line 4
View::_evaluate() - CORE/Cake/View/View.php, line 945
View::_render() - CORE/Cake/View/View.php, line 907
View::render() - CORE/Cake/View/View.php, line 468
Controller::render() - CORE/Cake/Controller/Controller.php, line 955
AppController::render() - APP/Controller/AppController.php, line 278
Dispatcher::_invoke() - CORE/Cake/Routing/Dispatcher.php, line 193
Dispatcher::dispatch() - CORE/Cake/Routing/Dispatcher.php, line 161
[main] - APP/webroot/index.php, line 96

2013-11-16 02:22:46 Notice: Notice (8): Undefined variable: arrData in [/Users/khoitran/Documents/workspace/locson-project/app/Plugin/News/View/News/view.ctp, line 7]
Trace:
include - APP/Plugin/News/View/News/view.ctp, line 7
View::_evaluate() - CORE/Cake/View/View.php, line 945
View::_render() - CORE/Cake/View/View.php, line 907
View::render() - CORE/Cake/View/View.php, line 468
Controller::render() - CORE/Cake/Controller/Controller.php, line 955
AppController::render() - APP/Controller/AppController.php, line 278
Dispatcher::_invoke() - CORE/Cake/Routing/Dispatcher.php, line 193
Dispatcher::dispatch() - CORE/Cake/Routing/Dispatcher.php, line 161
[main] - APP/webroot/index.php, line 96

2013-11-16 02:22:46 Notice: Notice (8): Undefined variable: arrData in [/Users/khoitran/Documents/workspace/locson-project/app/Plugin/News/View/News/view.ctp, line 7]
Trace:
include - APP/Plugin/News/View/News/view.ctp, line 7
View::_evaluate() - CORE/Cake/View/View.php, line 945
View::_render() - CORE/Cake/View/View.php, line 907
View::render() - CORE/Cake/View/View.php, line 468
Controller::render() - CORE/Cake/Controller/Controller.php, line 955
AppController::render() - APP/Controller/AppController.php, line 278
Dispatcher::_invoke() - CORE/Cake/Routing/Dispatcher.php, line 193
Dispatcher::dispatch() - CORE/Cake/Routing/Dispatcher.php, line 161
[main] - APP/webroot/index.php, line 96

